2017-04-19 12:51:37,095 [Worker-22] INFO  o.e.m.c.i.p.ProjectConfigurationManager - Collecting project info '/pom.xml' C:\Users\khopkar\LibraryManagement\library-management\pom.xml
2017-04-19 12:51:40,005 [Worker-22] INFO  o.e.m.c.i.l.LifecycleMappingFactory - Using org.eclipse.m2e.jdt.JarLifecycleMapping lifecycle mapping for MavenProject: de.ityx:library-management:0.0.1-SNAPSHOT @ C:\Users\khopkar\LibraryManagement\library-management\pom.xml.
2017-04-19 12:51:41,208 [Worker-22] INFO  o.e.m.j.i.AbstractJavaProjectConfigurator - Adding source folder /library-management/src/main/java
2017-04-19 12:51:41,215 [Worker-22] INFO  o.e.m.j.i.AbstractJavaProjectConfigurator - Adding source folder /library-management/src/test/java
2017-04-19 12:51:41,285 [Worker-22] INFO  o.e.m.c.i.p.ProjectConfigurationManager - Imported and configured 1 project(s) in 4 sec
2017-04-19 12:51:41,711 [Worker-18] INFO  o.e.m.c.i.embedder.EclipseLogger - Using 'UTF-8' encoding to copy filtered resources.
2017-04-19 12:51:41,712 [Worker-18] INFO  o.e.m.c.i.embedder.EclipseLogger - skip non existing resourceDirectory C:\Users\khopkar\LibraryManagement\library-management\src\main\resources
2017-04-19 12:51:41,714 [Worker-18] INFO  o.e.m.c.i.embedder.EclipseLogger - Using 'UTF-8' encoding to copy filtered resources.
2017-04-19 12:51:41,715 [Worker-18] INFO  o.e.m.c.i.embedder.EclipseLogger - skip non existing resourceDirectory C:\Users\khopkar\LibraryManagement\library-management\src\test\resources
2017-04-19 12:53:21,078 [Worker-24] INFO  o.e.m.c.i.l.LifecycleMappingFactory - Using org.eclipse.m2e.jdt.JarLifecycleMapping lifecycle mapping for MavenProject: de.ityx:library-management:0.0.1-SNAPSHOT @ C:\Users\khopkar\LibraryManagement\library-management\pom.xml.
2017-04-19 12:53:21,878 [Worker-24] INFO  o.e.m.c.i.e.AbstractTransferListenerAdapter - Downloading http://hephaistos:8081/nexus/content/groups/public/org/springframework/spring-context/4.2.4.RELEASE/spring-context-4.2.4.RELEASE.pom
2017-04-19 12:53:22,204 [Worker-24] INFO  o.e.m.c.i.e.AbstractTransferListenerAdapter - Downloaded http://hephaistos:8081/nexus/content/groups/public/org/springframework/spring-context/4.2.4.RELEASE/spring-context-4.2.4.RELEASE.pom
2017-04-19 12:53:22,533 [Worker-24] INFO  o.e.m.c.i.e.AbstractTransferListenerAdapter - Downloading http://hephaistos:8081/nexus/content/groups/public/org/springframework/spring-aop/4.2.4.RELEASE/spring-aop-4.2.4.RELEASE.pom
2017-04-19 12:53:22,862 [Worker-24] INFO  o.e.m.c.i.e.AbstractTransferListenerAdapter - Downloaded http://hephaistos:8081/nexus/content/groups/public/org/springframework/spring-aop/4.2.4.RELEASE/spring-aop-4.2.4.RELEASE.pom
2017-04-19 12:53:23,193 [Worker-24] INFO  o.e.m.c.i.e.AbstractTransferListenerAdapter - Downloading http://hephaistos:8081/nexus/content/groups/public/org/springframework/spring-beans/4.2.4.RELEASE/spring-beans-4.2.4.RELEASE.pom
2017-04-19 12:53:23,510 [Worker-24] INFO  o.e.m.c.i.e.AbstractTransferListenerAdapter - Downloaded http://hephaistos:8081/nexus/content/groups/public/org/springframework/spring-beans/4.2.4.RELEASE/spring-beans-4.2.4.RELEASE.pom
2017-04-19 12:53:23,885 [Worker-24] INFO  o.e.m.c.i.e.AbstractTransferListenerAdapter - Downloading http://hephaistos:8081/nexus/content/groups/public/org/springframework/spring-core/4.2.4.RELEASE/spring-core-4.2.4.RELEASE.pom
2017-04-19 12:53:24,212 [Worker-24] INFO  o.e.m.c.i.e.AbstractTransferListenerAdapter - Downloaded http://hephaistos:8081/nexus/content/groups/public/org/springframework/spring-core/4.2.4.RELEASE/spring-core-4.2.4.RELEASE.pom
2017-04-19 12:53:24,589 [Worker-24] INFO  o.e.m.c.i.e.AbstractTransferListenerAdapter - Downloading http://hephaistos:8081/nexus/content/groups/public/org/springframework/spring-expression/4.2.4.RELEASE/spring-expression-4.2.4.RELEASE.pom
2017-04-19 12:53:24,922 [Worker-24] INFO  o.e.m.c.i.e.AbstractTransferListenerAdapter - Downloaded http://hephaistos:8081/nexus/content/groups/public/org/springframework/spring-expression/4.2.4.RELEASE/spring-expression-4.2.4.RELEASE.pom
2017-04-19 12:53:25,264 [Worker-24] INFO  o.e.m.c.i.e.AbstractTransferListenerAdapter - Downloading http://hephaistos:8081/nexus/content/groups/public/org/springframework/spring-webmvc/4.2.4.RELEASE/spring-webmvc-4.2.4.RELEASE.pom
2017-04-19 12:53:25,592 [Worker-24] INFO  o.e.m.c.i.e.AbstractTransferListenerAdapter - Downloaded http://hephaistos:8081/nexus/content/groups/public/org/springframework/spring-webmvc/4.2.4.RELEASE/spring-webmvc-4.2.4.RELEASE.pom
2017-04-19 12:53:25,970 [Worker-24] INFO  o.e.m.c.i.e.AbstractTransferListenerAdapter - Downloading http://hephaistos:8081/nexus/content/groups/public/org/springframework/spring-web/4.2.4.RELEASE/spring-web-4.2.4.RELEASE.pom
2017-04-19 12:53:27,216 [Worker-24] INFO  o.e.m.c.i.e.AbstractTransferListenerAdapter - Downloaded http://hephaistos:8081/nexus/content/groups/public/org/springframework/spring-web/4.2.4.RELEASE/spring-web-4.2.4.RELEASE.pom
2017-04-19 12:53:27,549 [Worker-24] INFO  o.e.m.c.i.e.AbstractTransferListenerAdapter - Downloading http://hephaistos:8081/nexus/content/groups/public/jstl/jstl/1.2/jstl-1.2.pom
2017-04-19 12:53:27,881 [Worker-24] INFO  o.e.m.c.i.e.AbstractTransferListenerAdapter - Downloaded http://hephaistos:8081/nexus/content/groups/public/jstl/jstl/1.2/jstl-1.2.pom
2017-04-19 12:53:28,238 [Worker-24] INFO  o.e.m.c.i.e.AbstractTransferListenerAdapter - Downloading http://hephaistos:8081/nexus/content/groups/public/org/springframework/spring-context/4.2.4.RELEASE/spring-context-4.2.4.RELEASE.jar
2017-04-19 12:53:35,793 [Worker-24] INFO  o.e.m.c.i.e.AbstractTransferListenerAdapter - Downloaded http://hephaistos:8081/nexus/content/groups/public/org/springframework/spring-context/4.2.4.RELEASE/spring-context-4.2.4.RELEASE.jar
2017-04-19 12:53:36,126 [Worker-24] INFO  o.e.m.c.i.e.AbstractTransferListenerAdapter - Downloading http://hephaistos:8081/nexus/content/groups/public/org/springframework/spring-aop/4.2.4.RELEASE/spring-aop-4.2.4.RELEASE.jar
2017-04-19 12:53:38,878 [Worker-24] INFO  o.e.m.c.i.e.AbstractTransferListenerAdapter - Downloaded http://hephaistos:8081/nexus/content/groups/public/org/springframework/spring-aop/4.2.4.RELEASE/spring-aop-4.2.4.RELEASE.jar
2017-04-19 12:53:39,202 [Worker-24] INFO  o.e.m.c.i.e.AbstractTransferListenerAdapter - Downloading http://hephaistos:8081/nexus/content/groups/public/org/springframework/spring-beans/4.2.4.RELEASE/spring-beans-4.2.4.RELEASE.jar
2017-04-19 12:53:44,681 [Worker-24] INFO  o.e.m.c.i.e.AbstractTransferListenerAdapter - Downloaded http://hephaistos:8081/nexus/content/groups/public/org/springframework/spring-beans/4.2.4.RELEASE/spring-beans-4.2.4.RELEASE.jar
2017-04-19 12:53:45,036 [Worker-24] INFO  o.e.m.c.i.e.AbstractTransferListenerAdapter - Downloading http://hephaistos:8081/nexus/content/groups/public/org/springframework/spring-expression/4.2.4.RELEASE/spring-expression-4.2.4.RELEASE.jar
2017-04-19 12:53:47,230 [Worker-24] INFO  o.e.m.c.i.e.AbstractTransferListenerAdapter - Downloaded http://hephaistos:8081/nexus/content/groups/public/org/springframework/spring-expression/4.2.4.RELEASE/spring-expression-4.2.4.RELEASE.jar
2017-04-19 12:53:47,605 [Worker-24] INFO  o.e.m.c.i.e.AbstractTransferListenerAdapter - Downloading http://hephaistos:8081/nexus/content/groups/public/org/springframework/spring-core/4.2.4.RELEASE/spring-core-4.2.4.RELEASE.jar
2017-04-19 12:53:57,752 [Worker-24] INFO  o.e.m.c.i.e.AbstractTransferListenerAdapter - Downloaded http://hephaistos:8081/nexus/content/groups/public/org/springframework/spring-core/4.2.4.RELEASE/spring-core-4.2.4.RELEASE.jar
2017-04-19 12:53:58,067 [Worker-24] INFO  o.e.m.c.i.e.AbstractTransferListenerAdapter - Downloading http://hephaistos:8081/nexus/content/groups/public/org/springframework/spring-webmvc/4.2.4.RELEASE/spring-webmvc-4.2.4.RELEASE.jar
2017-04-19 12:54:07,500 [Worker-24] INFO  o.e.m.c.i.e.AbstractTransferListenerAdapter - Downloaded http://hephaistos:8081/nexus/content/groups/public/org/springframework/spring-webmvc/4.2.4.RELEASE/spring-webmvc-4.2.4.RELEASE.jar
2017-04-19 12:54:07,832 [Worker-24] INFO  o.e.m.c.i.e.AbstractTransferListenerAdapter - Downloading http://hephaistos:8081/nexus/content/groups/public/org/springframework/spring-web/4.2.4.RELEASE/spring-web-4.2.4.RELEASE.jar
2017-04-19 12:54:10,871 [Worker-24] INFO  o.e.m.c.i.e.AbstractTransferListenerAdapter - Downloaded http://hephaistos:8081/nexus/content/groups/public/org/springframework/spring-web/4.2.4.RELEASE/spring-web-4.2.4.RELEASE.jar
2017-04-19 12:54:11,197 [Worker-24] INFO  o.e.m.c.i.e.AbstractTransferListenerAdapter - Downloading http://hephaistos:8081/nexus/content/groups/public/jstl/jstl/1.2/jstl-1.2.jar
2017-04-19 12:54:13,173 [Worker-24] INFO  o.e.m.c.i.e.AbstractTransferListenerAdapter - Downloaded http://hephaistos:8081/nexus/content/groups/public/jstl/jstl/1.2/jstl-1.2.jar
2017-04-19 12:54:13,936 [Worker-24] INFO  o.e.m.c.i.embedder.EclipseLogger - Using 'UTF-8' encoding to copy filtered resources.
2017-04-19 12:54:13,940 [Worker-24] INFO  o.e.m.c.i.embedder.EclipseLogger - skip non existing resourceDirectory C:\Users\khopkar\LibraryManagement\library-management\src\main\resources
2017-04-19 12:54:13,945 [Worker-24] INFO  o.e.m.c.i.embedder.EclipseLogger - Using 'UTF-8' encoding to copy filtered resources.
2017-04-19 12:54:13,945 [Worker-24] INFO  o.e.m.c.i.embedder.EclipseLogger - skip non existing resourceDirectory C:\Users\khopkar\LibraryManagement\library-management\src\test\resources
2017-04-19 12:54:16,112 [Worker-17] INFO  o.e.m.c.i.l.LifecycleMappingFactory - Using org.eclipse.m2e.jdt.JarLifecycleMapping lifecycle mapping for MavenProject: de.ityx:library-management:0.0.1-SNAPSHOT @ C:\Users\khopkar\LibraryManagement\library-management\pom.xml.
2017-04-19 12:54:16,680 [Worker-17] INFO  o.e.m.c.i.embedder.EclipseLogger - Using 'UTF-8' encoding to copy filtered resources.
2017-04-19 12:54:16,686 [Worker-17] INFO  o.e.m.c.i.embedder.EclipseLogger - skip non existing resourceDirectory C:\Users\khopkar\LibraryManagement\library-management\src\main\resources
2017-04-19 12:54:16,694 [Worker-17] INFO  o.e.m.c.i.embedder.EclipseLogger - Using 'UTF-8' encoding to copy filtered resources.
2017-04-19 12:54:16,700 [Worker-17] INFO  o.e.m.c.i.embedder.EclipseLogger - skip non existing resourceDirectory C:\Users\khopkar\LibraryManagement\library-management\src\test\resources
2017-04-19 13:33:54,841 [Worker-28] INFO  o.e.m.c.i.embedder.EclipseLogger - Using 'UTF-8' encoding to copy filtered resources.
2017-04-19 13:33:54,841 [Worker-28] INFO  o.e.m.c.i.embedder.EclipseLogger - skip non existing resourceDirectory C:\Users\khopkar\LibraryManagement\library-management\src\main\resources
2017-04-19 13:33:54,848 [Worker-28] INFO  o.e.m.c.i.embedder.EclipseLogger - Using 'UTF-8' encoding to copy filtered resources.
2017-04-19 13:33:54,854 [Worker-28] INFO  o.e.m.c.i.embedder.EclipseLogger - skip non existing resourceDirectory C:\Users\khopkar\LibraryManagement\library-management\src\test\resources
2017-04-19 13:35:59,363 [Worker-35] INFO  o.e.m.c.i.l.LifecycleMappingFactory - Using org.maven.ide.eclipse.wtp.WarLifecycleMapping lifecycle mapping for MavenProject: de.ityx:library-management:0.0.1-SNAPSHOT @ C:\Users\khopkar\LibraryManagement\library-management\pom.xml.
2017-04-19 13:36:00,148 [Worker-35] INFO  o.e.m.j.i.AbstractJavaProjectConfigurator - Adding source folder /library-management/src/main/java
2017-04-19 13:36:00,152 [Worker-35] INFO  o.e.m.j.i.AbstractJavaProjectConfigurator - Adding resource folder /library-management/src/main/resources
2017-04-19 13:36:00,156 [Worker-35] INFO  o.e.m.j.i.AbstractJavaProjectConfigurator - Adding source folder /library-management/src/test/java
2017-04-19 13:36:00,156 [Worker-35] INFO  o.e.m.j.i.AbstractJavaProjectConfigurator - Adding resource folder /library-management/src/test/resources
2017-04-19 13:36:01,820 [Worker-28] WARN  o.e.m.c.i.embedder.EclipseLogger - Using platform encoding (Cp1252 actually) to copy filtered resources, i.e. build is platform dependent!
2017-04-19 13:36:01,829 [Worker-28] INFO  o.e.m.c.i.embedder.EclipseLogger - Copying 0 resource
2017-04-19 13:36:01,831 [Worker-28] WARN  o.e.m.c.i.embedder.EclipseLogger - Using platform encoding (Cp1252 actually) to copy filtered resources, i.e. build is platform dependent!
2017-04-19 13:36:01,835 [Worker-28] INFO  o.e.m.c.i.embedder.EclipseLogger - Copying 0 resource
2017-04-19 13:36:02,936 [Worker-37] WARN  o.e.m.c.i.embedder.EclipseLogger - Using platform encoding (Cp1252 actually) to copy filtered resources, i.e. build is platform dependent!
2017-04-19 13:36:02,948 [Worker-37] INFO  o.e.m.c.i.embedder.EclipseLogger - Copying 0 resource
2017-04-19 13:36:02,953 [Worker-37] WARN  o.e.m.c.i.embedder.EclipseLogger - Using platform encoding (Cp1252 actually) to copy filtered resources, i.e. build is platform dependent!
2017-04-19 13:36:02,957 [Worker-37] INFO  o.e.m.c.i.embedder.EclipseLogger - Copying 0 resource
2017-04-19 14:35:31,453 [Worker-42] WARN  o.e.m.c.i.embedder.EclipseLogger - Using platform encoding (Cp1252 actually) to copy filtered resources, i.e. build is platform dependent!
2017-04-19 14:35:31,459 [Worker-42] INFO  o.e.m.c.i.embedder.EclipseLogger - Copying 0 resource
2017-04-19 14:35:31,460 [Worker-42] WARN  o.e.m.c.i.embedder.EclipseLogger - Using platform encoding (Cp1252 actually) to copy filtered resources, i.e. build is platform dependent!
2017-04-19 14:35:31,464 [Worker-42] INFO  o.e.m.c.i.embedder.EclipseLogger - Copying 0 resource
2017-04-19 14:35:42,369 [Worker-28] WARN  o.e.m.c.i.embedder.EclipseLogger - Using platform encoding (Cp1252 actually) to copy filtered resources, i.e. build is platform dependent!
2017-04-19 14:35:42,376 [Worker-28] INFO  o.e.m.c.i.embedder.EclipseLogger - Copying 0 resource
2017-04-19 14:35:42,381 [Worker-28] WARN  o.e.m.c.i.embedder.EclipseLogger - Using platform encoding (Cp1252 actually) to copy filtered resources, i.e. build is platform dependent!
2017-04-19 14:35:42,386 [Worker-28] INFO  o.e.m.c.i.embedder.EclipseLogger - Copying 0 resource
2017-04-19 14:36:19,476 [Worker-43] WARN  o.e.m.c.i.embedder.EclipseLogger - Using platform encoding (Cp1252 actually) to copy filtered resources, i.e. build is platform dependent!
2017-04-19 14:36:19,483 [Worker-43] INFO  o.e.m.c.i.embedder.EclipseLogger - Copying 0 resource
2017-04-19 14:36:19,484 [Worker-43] WARN  o.e.m.c.i.embedder.EclipseLogger - Using platform encoding (Cp1252 actually) to copy filtered resources, i.e. build is platform dependent!
2017-04-19 14:36:19,488 [Worker-43] INFO  o.e.m.c.i.embedder.EclipseLogger - Copying 0 resource
2017-04-19 14:36:26,941 [Worker-28] WARN  o.e.m.c.i.embedder.EclipseLogger - Using platform encoding (Cp1252 actually) to copy filtered resources, i.e. build is platform dependent!
2017-04-19 14:36:26,951 [Worker-28] INFO  o.e.m.c.i.embedder.EclipseLogger - Copying 0 resource
2017-04-19 14:36:26,955 [Worker-28] WARN  o.e.m.c.i.embedder.EclipseLogger - Using platform encoding (Cp1252 actually) to copy filtered resources, i.e. build is platform dependent!
2017-04-19 14:36:26,960 [Worker-28] INFO  o.e.m.c.i.embedder.EclipseLogger - Copying 0 resource
2017-04-19 14:36:26,964 [Worker-28] INFO  o.e.m.w.i.f.ResourceFilteringBuildParticipant - Changed resources require a complete clean of filtered resources of library-management
2017-04-19 14:36:26,965 [Worker-28] INFO  o.e.m.w.i.f.ResourceFilteringBuildParticipant - Executing resource filtering for library-management
2017-04-19 14:36:26,970 [Worker-28] WARN  o.e.m.c.i.embedder.EclipseLogger - Using platform encoding (Cp1252 actually) to copy filtered resources, i.e. build is platform dependent!
2017-04-19 14:37:06,166 [Worker-49] WARN  o.e.m.c.i.embedder.EclipseLogger - Using platform encoding (Cp1252 actually) to copy filtered resources, i.e. build is platform dependent!
2017-04-19 14:37:06,174 [Worker-49] INFO  o.e.m.c.i.embedder.EclipseLogger - Copying 0 resource
2017-04-19 14:37:06,180 [Worker-49] WARN  o.e.m.c.i.embedder.EclipseLogger - Using platform encoding (Cp1252 actually) to copy filtered resources, i.e. build is platform dependent!
2017-04-19 14:37:06,187 [Worker-49] INFO  o.e.m.c.i.embedder.EclipseLogger - Copying 0 resource
2017-04-19 14:37:22,403 [Worker-42] WARN  o.e.m.c.i.embedder.EclipseLogger - Using platform encoding (Cp1252 actually) to copy filtered resources, i.e. build is platform dependent!
2017-04-19 14:37:22,415 [Worker-42] INFO  o.e.m.c.i.embedder.EclipseLogger - Copying 0 resource
2017-04-19 14:37:22,420 [Worker-42] WARN  o.e.m.c.i.embedder.EclipseLogger - Using platform encoding (Cp1252 actually) to copy filtered resources, i.e. build is platform dependent!
2017-04-19 14:37:22,430 [Worker-42] INFO  o.e.m.c.i.embedder.EclipseLogger - Copying 0 resource
2017-04-19 14:39:10,953 [Worker-45] INFO  o.e.m.c.i.l.LifecycleMappingFactory - Using org.eclipse.m2e.jdt.JarLifecycleMapping lifecycle mapping for MavenProject: de.ityx:library-management:0.0.1-SNAPSHOT @ C:\Users\khopkar\LibraryManagement\library-management\pom.xml.
2017-04-19 14:39:11,356 [Worker-45] WARN  o.e.m.c.i.embedder.EclipseLogger - Using platform encoding (Cp1252 actually) to copy filtered resources, i.e. build is platform dependent!
2017-04-19 14:39:11,365 [Worker-45] INFO  o.e.m.c.i.embedder.EclipseLogger - Copying 0 resource
2017-04-19 14:39:11,370 [Worker-45] WARN  o.e.m.c.i.embedder.EclipseLogger - Using platform encoding (Cp1252 actually) to copy filtered resources, i.e. build is platform dependent!
2017-04-19 14:39:11,374 [Worker-45] INFO  o.e.m.c.i.embedder.EclipseLogger - Copying 0 resource
2017-04-19 14:40:26,917 [Worker-44] INFO  o.e.m.c.i.l.LifecycleMappingFactory - Using org.eclipse.m2e.jdt.JarLifecycleMapping lifecycle mapping for MavenProject: de.ityx:library-management:0.0.1-SNAPSHOT @ C:\Users\khopkar\LibraryManagement\library-management\pom.xml.
2017-04-19 14:40:31,722 [Worker-49] INFO  o.e.m.c.i.l.LifecycleMappingFactory - Using org.eclipse.m2e.jdt.JarLifecycleMapping lifecycle mapping for MavenProject: de.ityx:library-management:0.0.1-SNAPSHOT @ C:\Users\khopkar\LibraryManagement\library-management\pom.xml.
2017-04-19 14:40:54,175 [Worker-42] INFO  o.e.m.c.i.e.AbstractTransferListenerAdapter - Downloading http://hephaistos:8081/nexus/content/groups/public/org/springframework/boot/spring-boot-starter-parent/1.4.2.RELEASE/spring-boot-starter-parent-1.4.2.RELEASE.pom
2017-04-19 14:40:54,532 [Worker-42] INFO  o.e.m.c.i.e.AbstractTransferListenerAdapter - Downloaded http://hephaistos:8081/nexus/content/groups/public/org/springframework/boot/spring-boot-starter-parent/1.4.2.RELEASE/spring-boot-starter-parent-1.4.2.RELEASE.pom
2017-04-19 14:40:55,091 [Worker-52] INFO  o.e.m.c.i.e.AbstractTransferListenerAdapter - Downloading http://hephaistos:8081/nexus/content/groups/public/org/apache/maven/plugins/maven-clean-plugin/2.6.1/maven-clean-plugin-2.6.1.jar
2017-04-19 14:40:55,651 [Worker-52] INFO  o.e.m.c.i.e.AbstractTransferListenerAdapter - Downloaded http://hephaistos:8081/nexus/content/groups/public/org/apache/maven/plugins/maven-clean-plugin/2.6.1/maven-clean-plugin-2.6.1.jar
2017-04-19 14:40:56,113 [Worker-52] INFO  o.e.m.c.i.e.AbstractTransferListenerAdapter - Downloading http://hephaistos:8081/nexus/content/groups/public/org/apache/maven/plugins/maven-surefire-plugin/2.18.1/maven-surefire-plugin-2.18.1.jar
2017-04-19 14:40:56,670 [Worker-52] INFO  o.e.m.c.i.e.AbstractTransferListenerAdapter - Downloaded http://hephaistos:8081/nexus/content/groups/public/org/apache/maven/plugins/maven-surefire-plugin/2.18.1/maven-surefire-plugin-2.18.1.jar
2017-04-19 14:40:57,050 [Worker-52] INFO  o.e.m.c.i.e.AbstractTransferListenerAdapter - Downloading http://hephaistos:8081/nexus/content/groups/public/org/apache/maven/plugins/maven-jar-plugin/2.6/maven-jar-plugin-2.6.jar
2017-04-19 14:40:57,582 [Worker-52] INFO  o.e.m.c.i.e.AbstractTransferListenerAdapter - Downloaded http://hephaistos:8081/nexus/content/groups/public/org/apache/maven/plugins/maven-jar-plugin/2.6/maven-jar-plugin-2.6.jar
2017-04-19 14:40:58,013 [Worker-52] INFO  o.e.m.c.i.e.AbstractTransferListenerAdapter - Downloading http://hephaistos:8081/nexus/content/groups/public/org/apache/maven/plugins/maven-install-plugin/2.5.2/maven-install-plugin-2.5.2.jar
2017-04-19 14:40:58,606 [Worker-52] INFO  o.e.m.c.i.e.AbstractTransferListenerAdapter - Downloaded http://hephaistos:8081/nexus/content/groups/public/org/apache/maven/plugins/maven-install-plugin/2.5.2/maven-install-plugin-2.5.2.jar
2017-04-19 14:40:59,012 [Worker-52] INFO  o.e.m.c.i.e.AbstractTransferListenerAdapter - Downloading http://hephaistos:8081/nexus/content/groups/public/org/apache/maven/plugins/maven-deploy-plugin/2.8.2/maven-deploy-plugin-2.8.2.jar
2017-04-19 14:40:59,596 [Worker-52] INFO  o.e.m.c.i.e.AbstractTransferListenerAdapter - Downloaded http://hephaistos:8081/nexus/content/groups/public/org/apache/maven/plugins/maven-deploy-plugin/2.8.2/maven-deploy-plugin-2.8.2.jar
2017-04-19 14:41:00,037 [Worker-52] INFO  o.e.m.c.i.e.AbstractTransferListenerAdapter - Downloading http://hephaistos:8081/nexus/content/groups/public/org/apache/maven/plugins/maven-site-plugin/3.5.1/maven-site-plugin-3.5.1.jar
2017-04-19 14:41:00,859 [Worker-52] INFO  o.e.m.c.i.e.AbstractTransferListenerAdapter - Downloaded http://hephaistos:8081/nexus/content/groups/public/org/apache/maven/plugins/maven-site-plugin/3.5.1/maven-site-plugin-3.5.1.jar
2017-04-19 14:41:01,302 [Worker-52] INFO  o.e.m.c.i.l.LifecycleMappingFactory - Using org.eclipse.m2e.jdt.JarLifecycleMapping lifecycle mapping for MavenProject: de.ityx:library-management:0.0.1-SNAPSHOT @ C:\Users\khopkar\LibraryManagement\library-management\pom.xml.
2017-04-19 14:41:01,856 [Worker-52] INFO  o.e.m.c.i.e.AbstractTransferListenerAdapter - Downloading http://hephaistos:8081/nexus/content/groups/public/org/apache/maven/plugins/maven-surefire-plugin/2.18.1/maven-surefire-plugin-2.18.1.pom
2017-04-19 14:41:02,200 [Worker-52] INFO  o.e.m.c.i.e.AbstractTransferListenerAdapter - Downloaded http://hephaistos:8081/nexus/content/groups/public/org/apache/maven/plugins/maven-surefire-plugin/2.18.1/maven-surefire-plugin-2.18.1.pom
2017-04-19 14:41:02,560 [Worker-52] INFO  o.e.m.c.i.e.AbstractTransferListenerAdapter - Downloading http://hephaistos:8081/nexus/content/groups/public/org/apache/maven/surefire/surefire/2.18.1/surefire-2.18.1.pom
2017-04-19 14:41:02,928 [Worker-52] INFO  o.e.m.c.i.e.AbstractTransferListenerAdapter - Downloaded http://hephaistos:8081/nexus/content/groups/public/org/apache/maven/surefire/surefire/2.18.1/surefire-2.18.1.pom
2017-04-19 14:41:03,352 [Worker-52] INFO  o.e.m.c.i.e.AbstractTransferListenerAdapter - Downloading http://hephaistos:8081/nexus/content/groups/public/org/apache/maven/plugins/maven-jar-plugin/2.6/maven-jar-plugin-2.6.pom
2017-04-19 14:41:03,730 [Worker-52] INFO  o.e.m.c.i.e.AbstractTransferListenerAdapter - Downloaded http://hephaistos:8081/nexus/content/groups/public/org/apache/maven/plugins/maven-jar-plugin/2.6/maven-jar-plugin-2.6.pom
2017-04-19 14:41:04,308 [Worker-52] INFO  o.e.m.c.i.e.AbstractTransferListenerAdapter - Downloading http://hephaistos:8081/nexus/content/groups/public/org/apache/maven/maven-archiver/2.6/maven-archiver-2.6.pom
2017-04-19 14:41:04,673 [Worker-52] INFO  o.e.m.c.i.e.AbstractTransferListenerAdapter - Downloaded http://hephaistos:8081/nexus/content/groups/public/org/apache/maven/maven-archiver/2.6/maven-archiver-2.6.pom
2017-04-19 14:41:05,055 [Worker-52] INFO  o.e.m.c.i.e.AbstractTransferListenerAdapter - Downloading http://hephaistos:8081/nexus/content/groups/public/org/apache/maven/shared/maven-shared-utils/0.7/maven-shared-utils-0.7.pom
2017-04-19 14:41:05,420 [Worker-52] INFO  o.e.m.c.i.e.AbstractTransferListenerAdapter - Downloaded http://hephaistos:8081/nexus/content/groups/public/org/apache/maven/shared/maven-shared-utils/0.7/maven-shared-utils-0.7.pom
2017-04-19 14:41:05,776 [Worker-52] INFO  o.e.m.c.i.e.AbstractTransferListenerAdapter - Downloading http://hephaistos:8081/nexus/content/groups/public/org/codehaus/plexus/plexus-archiver/2.8.1/plexus-archiver-2.8.1.pom
2017-04-19 14:41:06,161 [Worker-52] INFO  o.e.m.c.i.e.AbstractTransferListenerAdapter - Downloaded http://hephaistos:8081/nexus/content/groups/public/org/codehaus/plexus/plexus-archiver/2.8.1/plexus-archiver-2.8.1.pom
2017-04-19 14:41:06,557 [Worker-52] INFO  o.e.m.c.i.e.AbstractTransferListenerAdapter - Downloading http://hephaistos:8081/nexus/content/groups/public/org/codehaus/plexus/plexus-io/2.3.2/plexus-io-2.3.2.pom
2017-04-19 14:41:06,922 [Worker-52] INFO  o.e.m.c.i.e.AbstractTransferListenerAdapter - Downloaded http://hephaistos:8081/nexus/content/groups/public/org/codehaus/plexus/plexus-io/2.3.2/plexus-io-2.3.2.pom
2017-04-19 14:41:07,314 [Worker-52] INFO  o.e.m.c.i.e.AbstractTransferListenerAdapter - Downloading http://hephaistos:8081/nexus/content/groups/public/org/apache/commons/commons-compress/1.9/commons-compress-1.9.pom
2017-04-19 14:41:07,682 [Worker-52] INFO  o.e.m.c.i.e.AbstractTransferListenerAdapter - Downloaded http://hephaistos:8081/nexus/content/groups/public/org/apache/commons/commons-compress/1.9/commons-compress-1.9.pom
2017-04-19 14:41:08,023 [Worker-52] INFO  o.e.m.c.i.e.AbstractTransferListenerAdapter - Downloading http://hephaistos:8081/nexus/content/groups/public/org/codehaus/plexus/plexus-interpolation/1.21/plexus-interpolation-1.21.pom
2017-04-19 14:41:08,380 [Worker-52] INFO  o.e.m.c.i.e.AbstractTransferListenerAdapter - Downloaded http://hephaistos:8081/nexus/content/groups/public/org/codehaus/plexus/plexus-interpolation/1.21/plexus-interpolation-1.21.pom
2017-04-19 14:41:08,728 [Worker-52] INFO  o.e.m.c.i.e.AbstractTransferListenerAdapter - Downloading http://hephaistos:8081/nexus/content/groups/public/org/codehaus/plexus/plexus-archiver/2.9/plexus-archiver-2.9.pom
2017-04-19 14:41:09,061 [Worker-52] INFO  o.e.m.c.i.e.AbstractTransferListenerAdapter - Downloaded http://hephaistos:8081/nexus/content/groups/public/org/codehaus/plexus/plexus-archiver/2.9/plexus-archiver-2.9.pom
2017-04-19 14:41:09,394 [Worker-52] INFO  o.e.m.c.i.e.AbstractTransferListenerAdapter - Downloading http://hephaistos:8081/nexus/content/groups/public/org/codehaus/plexus/plexus-io/2.4/plexus-io-2.4.pom
2017-04-19 14:41:09,740 [Worker-52] INFO  o.e.m.c.i.e.AbstractTransferListenerAdapter - Downloaded http://hephaistos:8081/nexus/content/groups/public/org/codehaus/plexus/plexus-io/2.4/plexus-io-2.4.pom
2017-04-19 14:41:10,112 [Worker-52] INFO  o.e.m.c.i.e.AbstractTransferListenerAdapter - Downloading http://hephaistos:8081/nexus/content/groups/public/org/codehaus/plexus/plexus-interpolation/1.11/plexus-interpolation-1.11.jar
2017-04-19 14:41:10,754 [Worker-52] INFO  o.e.m.c.i.e.AbstractTransferListenerAdapter - Downloaded http://hephaistos:8081/nexus/content/groups/public/org/codehaus/plexus/plexus-interpolation/1.11/plexus-interpolation-1.11.jar
2017-04-19 14:41:11,065 [Worker-52] INFO  o.e.m.c.i.e.AbstractTransferListenerAdapter - Downloading http://hephaistos:8081/nexus/content/groups/public/org/apache/maven/maven-archiver/2.6/maven-archiver-2.6.jar
2017-04-19 14:41:11,479 [Worker-52] INFO  o.e.m.c.i.e.AbstractTransferListenerAdapter - Downloaded http://hephaistos:8081/nexus/content/groups/public/org/apache/maven/maven-archiver/2.6/maven-archiver-2.6.jar
2017-04-19 14:41:11,800 [Worker-52] INFO  o.e.m.c.i.e.AbstractTransferListenerAdapter - Downloading http://hephaistos:8081/nexus/content/groups/public/org/apache/maven/shared/maven-shared-utils/0.7/maven-shared-utils-0.7.jar
2017-04-19 14:41:12,508 [Worker-52] INFO  o.e.m.c.i.e.AbstractTransferListenerAdapter - Downloaded http://hephaistos:8081/nexus/content/groups/public/org/apache/maven/shared/maven-shared-utils/0.7/maven-shared-utils-0.7.jar
2017-04-19 14:41:12,830 [Worker-52] INFO  o.e.m.c.i.e.AbstractTransferListenerAdapter - Downloading http://hephaistos:8081/nexus/content/groups/public/org/codehaus/plexus/plexus-utils/3.0.20/plexus-utils-3.0.20.jar
2017-04-19 14:41:13,696 [Worker-52] INFO  o.e.m.c.i.e.AbstractTransferListenerAdapter - Downloaded http://hephaistos:8081/nexus/content/groups/public/org/codehaus/plexus/plexus-utils/3.0.20/plexus-utils-3.0.20.jar
2017-04-19 14:41:14,013 [Worker-52] INFO  o.e.m.c.i.e.AbstractTransferListenerAdapter - Downloading http://hephaistos:8081/nexus/content/groups/public/org/codehaus/plexus/plexus-archiver/2.9/plexus-archiver-2.9.jar
2017-04-19 14:41:15,022 [Worker-52] INFO  o.e.m.c.i.e.AbstractTransferListenerAdapter - Downloaded http://hephaistos:8081/nexus/content/groups/public/org/codehaus/plexus/plexus-archiver/2.9/plexus-archiver-2.9.jar
2017-04-19 14:41:15,349 [Worker-52] INFO  o.e.m.c.i.e.AbstractTransferListenerAdapter - Downloading http://hephaistos:8081/nexus/content/groups/public/org/codehaus/plexus/plexus-io/2.4/plexus-io-2.4.jar
2017-04-19 14:41:16,495 [Worker-52] INFO  o.e.m.c.i.e.AbstractTransferListenerAdapter - Downloaded http://hephaistos:8081/nexus/content/groups/public/org/codehaus/plexus/plexus-io/2.4/plexus-io-2.4.jar
2017-04-19 14:41:16,820 [Worker-52] INFO  o.e.m.c.i.e.AbstractTransferListenerAdapter - Downloading http://hephaistos:8081/nexus/content/groups/public/org/apache/commons/commons-compress/1.9/commons-compress-1.9.jar
2017-04-19 14:41:17,993 [Worker-52] INFO  o.e.m.c.i.e.AbstractTransferListenerAdapter - Downloaded http://hephaistos:8081/nexus/content/groups/public/org/apache/commons/commons-compress/1.9/commons-compress-1.9.jar
2017-04-19 14:41:19,532 [Worker-52] INFO  o.e.m.c.i.embedder.EclipseLogger - Using 'UTF-8' encoding to copy filtered resources.
2017-04-19 14:41:19,539 [Worker-52] INFO  o.e.m.c.i.embedder.EclipseLogger - Copying 0 resource
2017-04-19 14:41:19,544 [Worker-52] INFO  o.e.m.c.i.embedder.EclipseLogger - Copying 0 resource
2017-04-19 14:41:19,551 [Worker-52] INFO  o.e.m.c.i.embedder.EclipseLogger - Using 'UTF-8' encoding to copy filtered resources.
2017-04-19 14:41:19,551 [Worker-52] INFO  o.e.m.c.i.embedder.EclipseLogger - Copying 0 resource
2017-04-19 14:41:20,227 [Worker-53] INFO  o.e.m.c.i.embedder.EclipseLogger - Using 'UTF-8' encoding to copy filtered resources.
2017-04-19 14:41:20,228 [Worker-53] INFO  o.e.m.c.i.embedder.EclipseLogger - Copying 0 resource
2017-04-19 14:41:20,232 [Worker-53] INFO  o.e.m.c.i.embedder.EclipseLogger - Copying 0 resource
2017-04-19 14:41:20,233 [Worker-53] INFO  o.e.m.c.i.embedder.EclipseLogger - Using 'UTF-8' encoding to copy filtered resources.
2017-04-19 14:41:20,233 [Worker-53] INFO  o.e.m.c.i.embedder.EclipseLogger - Copying 0 resource
2017-04-19 14:45:02,404 [Worker-41] INFO  o.e.m.c.i.l.LifecycleMappingFactory - Using org.eclipse.m2e.jdt.JarLifecycleMapping lifecycle mapping for MavenProject: de.ityx:library-management:0.0.1-SNAPSHOT @ C:\Users\khopkar\LibraryManagement\library-management\pom.xml.
2017-04-19 14:45:02,711 [Worker-41] INFO  o.e.m.c.i.embedder.EclipseLogger - Using 'UTF-8' encoding to copy filtered resources.
2017-04-19 14:45:02,717 [Worker-41] INFO  o.e.m.c.i.embedder.EclipseLogger - Copying 0 resource
2017-04-19 14:45:02,721 [Worker-41] INFO  o.e.m.c.i.embedder.EclipseLogger - Copying 0 resource
2017-04-19 14:45:02,723 [Worker-41] INFO  o.e.m.c.i.embedder.EclipseLogger - Using 'UTF-8' encoding to copy filtered resources.
2017-04-19 14:45:02,727 [Worker-41] INFO  o.e.m.c.i.embedder.EclipseLogger - Copying 0 resource
2017-04-19 14:45:04,334 [Worker-57] INFO  o.e.m.c.i.embedder.EclipseLogger - Using 'UTF-8' encoding to copy filtered resources.
2017-04-19 14:45:04,335 [Worker-57] INFO  o.e.m.c.i.embedder.EclipseLogger - Copying 0 resource
2017-04-19 14:45:04,335 [Worker-57] INFO  o.e.m.c.i.embedder.EclipseLogger - Copying 0 resource
2017-04-19 14:45:04,341 [Worker-57] INFO  o.e.m.c.i.embedder.EclipseLogger - Using 'UTF-8' encoding to copy filtered resources.
2017-04-19 14:45:04,345 [Worker-57] INFO  o.e.m.c.i.embedder.EclipseLogger - Copying 0 resource
2017-04-19 14:45:23,033 [Worker-48] INFO  o.e.m.c.i.l.LifecycleMappingFactory - Using org.eclipse.m2e.jdt.JarLifecycleMapping lifecycle mapping for MavenProject: de.ityx:library-management:0.0.1-SNAPSHOT @ C:\Users\khopkar\LibraryManagement\library-management\pom.xml.
2017-04-19 14:45:23,339 [Worker-48] INFO  o.e.m.c.i.embedder.EclipseLogger - Using 'UTF-8' encoding to copy filtered resources.
2017-04-19 14:45:23,345 [Worker-48] INFO  o.e.m.c.i.embedder.EclipseLogger - Copying 0 resource
2017-04-19 14:45:23,349 [Worker-48] INFO  o.e.m.c.i.embedder.EclipseLogger - Copying 0 resource
2017-04-19 14:45:23,354 [Worker-48] INFO  o.e.m.c.i.embedder.EclipseLogger - Using 'UTF-8' encoding to copy filtered resources.
2017-04-19 14:45:23,354 [Worker-48] INFO  o.e.m.c.i.embedder.EclipseLogger - Copying 0 resource
2017-04-19 14:47:33,931 [Worker-58] INFO  o.e.m.c.i.e.AbstractTransferListenerAdapter - Downloading http://hephaistos:8081/nexus/content/groups/public/org/springframework/boot/spring-boot-maven-plugin/1.4.2.RELEASE/spring-boot-maven-plugin-1.4.2.RELEASE.pom
2017-04-19 14:47:34,258 [Worker-58] INFO  o.e.m.c.i.e.AbstractTransferListenerAdapter - Downloaded http://hephaistos:8081/nexus/content/groups/public/org/springframework/boot/spring-boot-maven-plugin/1.4.2.RELEASE/spring-boot-maven-plugin-1.4.2.RELEASE.pom
2017-04-19 14:47:34,598 [Worker-58] INFO  o.e.m.c.i.e.AbstractTransferListenerAdapter - Downloading http://hephaistos:8081/nexus/content/groups/public/org/springframework/boot/spring-boot-tools/1.4.2.RELEASE/spring-boot-tools-1.4.2.RELEASE.pom
2017-04-19 14:47:34,926 [Worker-58] INFO  o.e.m.c.i.e.AbstractTransferListenerAdapter - Downloaded http://hephaistos:8081/nexus/content/groups/public/org/springframework/boot/spring-boot-tools/1.4.2.RELEASE/spring-boot-tools-1.4.2.RELEASE.pom
2017-04-19 14:47:35,268 [Worker-58] INFO  o.e.m.c.i.e.AbstractTransferListenerAdapter - Downloading http://hephaistos:8081/nexus/content/groups/public/org/springframework/boot/spring-boot-maven-plugin/1.4.2.RELEASE/spring-boot-maven-plugin-1.4.2.RELEASE.jar
2017-04-19 14:47:35,910 [Worker-58] INFO  o.e.m.c.i.e.AbstractTransferListenerAdapter - Downloaded http://hephaistos:8081/nexus/content/groups/public/org/springframework/boot/spring-boot-maven-plugin/1.4.2.RELEASE/spring-boot-maven-plugin-1.4.2.RELEASE.jar
2017-04-19 14:47:36,362 [Worker-58] INFO  o.e.m.c.i.l.LifecycleMappingFactory - Using org.eclipse.m2e.jdt.JarLifecycleMapping lifecycle mapping for MavenProject: de.ityx:library-management:0.0.1-SNAPSHOT @ C:\Users\khopkar\LibraryManagement\library-management\pom.xml.
2017-04-19 14:47:36,974 [Worker-58] INFO  o.e.m.c.i.embedder.EclipseLogger - Using 'UTF-8' encoding to copy filtered resources.
2017-04-19 14:47:36,979 [Worker-58] INFO  o.e.m.c.i.embedder.EclipseLogger - Copying 0 resource
2017-04-19 14:47:36,984 [Worker-58] INFO  o.e.m.c.i.embedder.EclipseLogger - Copying 0 resource
2017-04-19 14:47:36,989 [Worker-58] INFO  o.e.m.c.i.embedder.EclipseLogger - Using 'UTF-8' encoding to copy filtered resources.
2017-04-19 14:47:36,989 [Worker-58] INFO  o.e.m.c.i.embedder.EclipseLogger - Copying 0 resource
2017-04-19 14:48:59,597 [Worker-58] INFO  o.e.m.c.i.l.LifecycleMappingFactory - Using org.eclipse.m2e.jdt.JarLifecycleMapping lifecycle mapping for MavenProject: de.ityx:library-management:0.0.1-SNAPSHOT @ C:\Users\khopkar\LibraryManagement\library-management\pom.xml.
2017-04-19 14:49:00,230 [Worker-58] INFO  o.e.m.c.i.embedder.EclipseLogger - Using 'UTF-8' encoding to copy filtered resources.
2017-04-19 14:49:00,232 [Worker-58] INFO  o.e.m.c.i.embedder.EclipseLogger - Copying 0 resource
2017-04-19 14:49:00,232 [Worker-58] INFO  o.e.m.c.i.embedder.EclipseLogger - Copying 0 resource
2017-04-19 14:49:00,233 [Worker-58] INFO  o.e.m.c.i.embedder.EclipseLogger - Using 'UTF-8' encoding to copy filtered resources.
2017-04-19 14:49:00,234 [Worker-58] INFO  o.e.m.c.i.embedder.EclipseLogger - Copying 0 resource
2017-04-19 14:49:08,200 [Worker-41] INFO  o.e.m.c.i.l.LifecycleMappingFactory - Using org.eclipse.m2e.jdt.JarLifecycleMapping lifecycle mapping for MavenProject: de.ityx:library-management:0.0.1-SNAPSHOT @ C:\Users\khopkar\LibraryManagement\library-management\pom.xml.
2017-04-19 14:49:08,810 [Worker-41] INFO  o.e.m.c.i.embedder.EclipseLogger - Using 'UTF-8' encoding to copy filtered resources.
2017-04-19 14:49:08,816 [Worker-41] INFO  o.e.m.c.i.embedder.EclipseLogger - Copying 0 resource
2017-04-19 14:49:08,816 [Worker-41] INFO  o.e.m.c.i.embedder.EclipseLogger - Copying 0 resource
2017-04-19 14:49:08,821 [Worker-41] INFO  o.e.m.c.i.embedder.EclipseLogger - Using 'UTF-8' encoding to copy filtered resources.
2017-04-19 14:49:08,822 [Worker-41] INFO  o.e.m.c.i.embedder.EclipseLogger - Copying 0 resource
2017-04-19 14:50:09,508 [Worker-70] INFO  o.e.m.c.i.l.LifecycleMappingFactory - Using org.eclipse.m2e.jdt.JarLifecycleMapping lifecycle mapping for MavenProject: de.ityx:library-management:0.0.1-SNAPSHOT @ C:\Users\khopkar\LibraryManagement\library-management\pom.xml.
2017-04-19 14:50:10,127 [Worker-70] INFO  o.e.m.c.i.embedder.EclipseLogger - Using 'UTF-8' encoding to copy filtered resources.
2017-04-19 14:50:10,129 [Worker-70] INFO  o.e.m.c.i.embedder.EclipseLogger - Copying 0 resource
2017-04-19 14:50:10,129 [Worker-70] INFO  o.e.m.c.i.embedder.EclipseLogger - Copying 0 resource
2017-04-19 14:50:10,135 [Worker-70] INFO  o.e.m.c.i.embedder.EclipseLogger - Using 'UTF-8' encoding to copy filtered resources.
2017-04-19 14:50:10,135 [Worker-70] INFO  o.e.m.c.i.embedder.EclipseLogger - Copying 0 resource
2017-04-19 14:50:35,692 [Worker-66] INFO  o.e.m.c.i.l.LifecycleMappingFactory - Using org.eclipse.m2e.jdt.JarLifecycleMapping lifecycle mapping for MavenProject: de.ityx:library-management:0.0.1-SNAPSHOT @ C:\Users\khopkar\LibraryManagement\library-management\pom.xml.
2017-04-19 14:50:36,310 [Worker-66] INFO  o.e.m.c.i.embedder.EclipseLogger - Using 'UTF-8' encoding to copy filtered resources.
2017-04-19 14:50:36,316 [Worker-66] INFO  o.e.m.c.i.embedder.EclipseLogger - Copying 0 resource
2017-04-19 14:50:36,320 [Worker-66] INFO  o.e.m.c.i.embedder.EclipseLogger - Copying 0 resource
2017-04-19 14:50:36,325 [Worker-66] INFO  o.e.m.c.i.embedder.EclipseLogger - Using 'UTF-8' encoding to copy filtered resources.
2017-04-19 14:50:36,326 [Worker-66] INFO  o.e.m.c.i.embedder.EclipseLogger - Copying 0 resource
2017-04-19 19:03:03,723 [Worker-98] INFO  o.e.m.c.i.l.LifecycleMappingFactory - Using org.eclipse.m2e.jdt.JarLifecycleMapping lifecycle mapping for MavenProject: de.ityx:library-management:0.0.1-SNAPSHOT @ C:\Users\khopkar\LibraryManagement\library-management\pom.xml.
2017-04-19 19:03:05,510 [Worker-98] INFO  o.e.m.c.i.embedder.EclipseLogger - Using 'UTF-8' encoding to copy filtered resources.
2017-04-19 19:03:05,512 [Worker-98] INFO  o.e.m.c.i.embedder.EclipseLogger - Copying 0 resource
2017-04-19 19:03:05,512 [Worker-98] INFO  o.e.m.c.i.embedder.EclipseLogger - Copying 0 resource
2017-04-19 19:03:05,514 [Worker-98] INFO  o.e.m.c.i.embedder.EclipseLogger - Using 'UTF-8' encoding to copy filtered resources.
2017-04-19 19:03:05,515 [Worker-98] INFO  o.e.m.c.i.embedder.EclipseLogger - Copying 0 resource
2017-04-19 19:05:30,129 [Worker-100] INFO  o.e.m.c.i.embedder.EclipseLogger - Using 'UTF-8' encoding to copy filtered resources.
2017-04-19 19:05:30,132 [Worker-100] INFO  o.e.m.c.i.embedder.EclipseLogger - Copying 0 resource
2017-04-19 19:05:30,137 [Worker-100] INFO  o.e.m.c.i.embedder.EclipseLogger - Copying 0 resource
2017-04-19 19:05:30,139 [Worker-100] INFO  o.e.m.c.i.embedder.EclipseLogger - Using 'UTF-8' encoding to copy filtered resources.
2017-04-19 19:05:30,143 [Worker-100] INFO  o.e.m.c.i.embedder.EclipseLogger - Copying 0 resource
2017-04-19 19:07:21,415 [Worker-103] INFO  o.e.m.c.i.embedder.EclipseLogger - Using 'UTF-8' encoding to copy filtered resources.
2017-04-19 19:07:21,421 [Worker-103] INFO  o.e.m.c.i.embedder.EclipseLogger - Copying 0 resource
2017-04-19 19:07:21,425 [Worker-103] INFO  o.e.m.c.i.embedder.EclipseLogger - Copying 0 resource
2017-04-19 19:07:21,430 [Worker-103] INFO  o.e.m.c.i.embedder.EclipseLogger - Using 'UTF-8' encoding to copy filtered resources.
2017-04-19 19:07:21,430 [Worker-103] INFO  o.e.m.c.i.embedder.EclipseLogger - Copying 0 resource
2017-04-19 19:09:39,298 [Worker-98] INFO  o.e.m.c.i.l.LifecycleMappingFactory - Using org.eclipse.m2e.jdt.JarLifecycleMapping lifecycle mapping for MavenProject: de.ityx:library-management:0.0.1-SNAPSHOT @ C:\Users\khopkar\LibraryManagement\library-management\pom.xml.
2017-04-19 19:09:39,589 [Worker-98] INFO  o.e.m.c.i.embedder.EclipseLogger - Using 'UTF-8' encoding to copy filtered resources.
2017-04-19 19:09:39,591 [Worker-98] INFO  o.e.m.c.i.embedder.EclipseLogger - Copying 0 resource
2017-04-19 19:09:39,591 [Worker-98] INFO  o.e.m.c.i.embedder.EclipseLogger - Copying 0 resource
2017-04-19 19:09:39,592 [Worker-98] INFO  o.e.m.c.i.embedder.EclipseLogger - Using 'UTF-8' encoding to copy filtered resources.
2017-04-19 19:09:39,593 [Worker-98] INFO  o.e.m.c.i.embedder.EclipseLogger - Copying 0 resource
2017-04-19 19:09:52,689 [Worker-98] INFO  o.e.m.c.i.p.ProjectConfigurationManager - Update started
2017-04-19 19:09:53,163 [Worker-98] INFO  o.e.m.c.i.l.LifecycleMappingFactory - Using org.eclipse.m2e.jdt.JarLifecycleMapping lifecycle mapping for MavenProject: de.ityx:library-management:0.0.1-SNAPSHOT @ C:\Users\khopkar\LibraryManagement\library-management\pom.xml.
2017-04-19 19:09:53,392 [Worker-98] INFO  o.e.m.c.i.p.ProjectConfigurationManager - Update completed: 0 sec
2017-04-19 19:09:53,970 [Worker-99] INFO  o.e.m.c.i.embedder.EclipseLogger - Using 'UTF-8' encoding to copy filtered resources.
2017-04-19 19:09:53,975 [Worker-99] INFO  o.e.m.c.i.embedder.EclipseLogger - Copying 0 resource
2017-04-19 19:09:53,980 [Worker-99] INFO  o.e.m.c.i.embedder.EclipseLogger - Copying 0 resource
2017-04-19 19:09:53,985 [Worker-99] INFO  o.e.m.c.i.embedder.EclipseLogger - Using 'UTF-8' encoding to copy filtered resources.
2017-04-19 19:09:53,985 [Worker-99] INFO  o.e.m.c.i.embedder.EclipseLogger - Copying 0 resource
2017-04-19 19:10:14,003 [Worker-106] INFO  o.e.m.c.i.embedder.EclipseLogger - Using 'UTF-8' encoding to copy filtered resources.
2017-04-19 19:10:14,003 [Worker-106] INFO  o.e.m.c.i.embedder.EclipseLogger - Copying 0 resource
2017-04-19 19:10:14,010 [Worker-106] INFO  o.e.m.c.i.embedder.EclipseLogger - Copying 0 resource
2017-04-19 19:10:14,015 [Worker-106] INFO  o.e.m.c.i.embedder.EclipseLogger - Using 'UTF-8' encoding to copy filtered resources.
2017-04-19 19:10:14,019 [Worker-106] INFO  o.e.m.c.i.embedder.EclipseLogger - Copying 0 resource
2017-04-19 19:10:22,547 [Worker-97] INFO  o.e.m.c.i.embedder.EclipseLogger - Using 'UTF-8' encoding to copy filtered resources.
2017-04-19 19:10:22,552 [Worker-97] INFO  o.e.m.c.i.embedder.EclipseLogger - Copying 0 resource
2017-04-19 19:10:22,557 [Worker-97] INFO  o.e.m.c.i.embedder.EclipseLogger - Copying 0 resource
2017-04-19 19:10:22,562 [Worker-97] INFO  o.e.m.c.i.embedder.EclipseLogger - Using 'UTF-8' encoding to copy filtered resources.
2017-04-19 19:10:22,563 [Worker-97] INFO  o.e.m.c.i.embedder.EclipseLogger - Copying 0 resource
2017-04-19 19:10:42,435 [Worker-107] INFO  o.e.m.c.i.p.ProjectConfigurationManager - Update started
2017-04-19 19:10:42,885 [Worker-107] INFO  o.e.m.c.i.l.LifecycleMappingFactory - Using org.eclipse.m2e.jdt.JarLifecycleMapping lifecycle mapping for MavenProject: de.ityx:library-management:0.0.1-SNAPSHOT @ C:\Users\khopkar\LibraryManagement\library-management\pom.xml.
2017-04-19 19:10:43,085 [Worker-107] INFO  o.e.m.c.i.p.ProjectConfigurationManager - Update completed: 0 sec
2017-04-19 19:14:34,824 [Worker-107] ERROR o.e.m2e.editor.pom.MavenPomEditor - failed to load maven project for org.eclipse.ui.part.FileEditorInput(/library-management/pom.xml)
org.eclipse.core.runtime.CoreException: Could not read maven project
	at org.eclipse.m2e.core.internal.project.registry.ProjectRegistryManager.readProjectWithDependencies(ProjectRegistryManager.java:804) ~[na:na]
	at org.eclipse.m2e.core.internal.project.registry.ProjectRegistryManager$6.call(ProjectRegistryManager.java:999) ~[na:na]
	at org.eclipse.m2e.core.internal.project.registry.ProjectRegistryManager$6.call(ProjectRegistryManager.java:1) ~[na:na]
	at com.google.common.cache.LocalCache$LocalManualCache$1.load(LocalCache.java:4724) ~[na:na]
	at com.google.common.cache.LocalCache$LoadingValueReference.loadFuture(LocalCache.java:3522) ~[na:na]
	at com.google.common.cache.LocalCache$Segment.loadSync(LocalCache.java:2315) ~[na:na]
	at com.google.common.cache.LocalCache$Segment.lockedGetOrLoad(LocalCache.java:2278) ~[na:na]
	at com.google.common.cache.LocalCache$Segment.get(LocalCache.java:2193) ~[na:na]
	at com.google.common.cache.LocalCache.get(LocalCache.java:3932) ~[na:na]
	at com.google.common.cache.LocalCache$LocalManualCache.get(LocalCache.java:4721) ~[na:na]
	at org.eclipse.m2e.core.internal.project.registry.ProjectRegistryManager.getMavenProject(ProjectRegistryManager.java:997) ~[na:na]
	at org.eclipse.m2e.core.internal.project.registry.MavenProjectFacade.getMavenProject(MavenProjectFacade.java:242) ~[na:na]
	at org.eclipse.m2e.core.ui.internal.actions.SelectionUtil.getMavenProject(SelectionUtil.java:261) ~[org.eclipse.m2e.core.ui_1.6.0.20150526-2032.jar:na]
	at org.eclipse.m2e.editor.pom.MavenPomEditor.readMavenProject(MavenPomEditor.java:729) ~[na:na]
	at org.eclipse.m2e.editor.pom.MavenPomEditor$5.run(MavenPomEditor.java:1050) ~[na:na]
	at org.eclipse.core.internal.jobs.Worker.run(Worker.java:55) [org.eclipse.core.jobs_3.7.0.v20150330-2103.jar:na]
2017-04-19 19:14:43,503 [Worker-101] ERROR o.e.m2e.editor.pom.MavenPomEditor - failed to load maven project for org.eclipse.ui.part.FileEditorInput(/library-management/pom.xml)
org.eclipse.core.runtime.CoreException: Could not read maven project
	at org.eclipse.m2e.core.internal.project.registry.ProjectRegistryManager.readProjectWithDependencies(ProjectRegistryManager.java:804) ~[na:na]
	at org.eclipse.m2e.core.internal.project.registry.ProjectRegistryManager$6.call(ProjectRegistryManager.java:999) ~[na:na]
	at org.eclipse.m2e.core.internal.project.registry.ProjectRegistryManager$6.call(ProjectRegistryManager.java:1) ~[na:na]
	at com.google.common.cache.LocalCache$LocalManualCache$1.load(LocalCache.java:4724) ~[na:na]
	at com.google.common.cache.LocalCache$LoadingValueReference.loadFuture(LocalCache.java:3522) ~[na:na]
	at com.google.common.cache.LocalCache$Segment.loadSync(LocalCache.java:2315) ~[na:na]
	at com.google.common.cache.LocalCache$Segment.lockedGetOrLoad(LocalCache.java:2278) ~[na:na]
	at com.google.common.cache.LocalCache$Segment.get(LocalCache.java:2193) ~[na:na]
	at com.google.common.cache.LocalCache.get(LocalCache.java:3932) ~[na:na]
	at com.google.common.cache.LocalCache$LocalManualCache.get(LocalCache.java:4721) ~[na:na]
	at org.eclipse.m2e.core.internal.project.registry.ProjectRegistryManager.getMavenProject(ProjectRegistryManager.java:997) ~[na:na]
	at org.eclipse.m2e.core.internal.project.registry.MavenProjectFacade.getMavenProject(MavenProjectFacade.java:242) ~[na:na]
	at org.eclipse.m2e.core.ui.internal.actions.SelectionUtil.getMavenProject(SelectionUtil.java:261) ~[org.eclipse.m2e.core.ui_1.6.0.20150526-2032.jar:na]
	at org.eclipse.m2e.editor.pom.MavenPomEditor.readMavenProject(MavenPomEditor.java:729) ~[na:na]
	at org.eclipse.m2e.editor.pom.MavenPomEditor$5.run(MavenPomEditor.java:1050) ~[na:na]
	at org.eclipse.core.internal.jobs.Worker.run(Worker.java:55) [org.eclipse.core.jobs_3.7.0.v20150330-2103.jar:na]
2017-04-19 19:14:53,063 [Worker-109] INFO  o.e.m.c.i.e.AbstractTransferListenerAdapter - Downloading http://hephaistos:8081/nexus/content/groups/public/javax/servlet/jstl/1.2/jstl-1.2.pom
2017-04-19 19:14:53,383 [Worker-109] INFO  o.e.m.c.i.e.AbstractTransferListenerAdapter - Downloaded http://hephaistos:8081/nexus/content/groups/public/javax/servlet/jstl/1.2/jstl-1.2.pom
2017-04-19 19:14:53,715 [Worker-109] INFO  o.e.m.c.i.e.AbstractTransferListenerAdapter - Downloading http://hephaistos:8081/nexus/content/groups/public/org/apache/tomcat/embed/tomcat-embed-jasper/8.5.6/tomcat-embed-jasper-8.5.6.pom
2017-04-19 19:14:54,043 [Worker-109] INFO  o.e.m.c.i.e.AbstractTransferListenerAdapter - Downloaded http://hephaistos:8081/nexus/content/groups/public/org/apache/tomcat/embed/tomcat-embed-jasper/8.5.6/tomcat-embed-jasper-8.5.6.pom
2017-04-19 19:14:54,388 [Worker-109] INFO  o.e.m.c.i.e.AbstractTransferListenerAdapter - Downloading http://hephaistos:8081/nexus/content/groups/public/org/eclipse/jdt/core/compiler/ecj/4.5.1/ecj-4.5.1.pom
2017-04-19 19:14:54,710 [Worker-109] INFO  o.e.m.c.i.e.AbstractTransferListenerAdapter - Downloaded http://hephaistos:8081/nexus/content/groups/public/org/eclipse/jdt/core/compiler/ecj/4.5.1/ecj-4.5.1.pom
2017-04-19 19:14:55,175 [Worker-109] INFO  o.e.m.c.i.e.AbstractTransferListenerAdapter - Downloading http://hephaistos:8081/nexus/content/groups/public/org/eclipse/jdt/core/compiler/ecj/4.6.1/ecj-4.6.1.pom
2017-04-19 19:14:55,494 [Worker-109] INFO  o.e.m.c.i.e.AbstractTransferListenerAdapter - Downloaded http://hephaistos:8081/nexus/content/groups/public/org/eclipse/jdt/core/compiler/ecj/4.6.1/ecj-4.6.1.pom
2017-04-19 19:14:55,815 [Worker-109] INFO  o.e.m.c.i.e.AbstractTransferListenerAdapter - Downloading http://hephaistos:8081/nexus/content/groups/public/org/webjars/bootstrap/3.3.7/bootstrap-3.3.7.pom
2017-04-19 19:14:56,143 [Worker-109] INFO  o.e.m.c.i.e.AbstractTransferListenerAdapter - Downloaded http://hephaistos:8081/nexus/content/groups/public/org/webjars/bootstrap/3.3.7/bootstrap-3.3.7.pom
2017-04-19 19:14:56,478 [Worker-109] INFO  o.e.m.c.i.e.AbstractTransferListenerAdapter - Downloading http://hephaistos:8081/nexus/content/groups/public/org/webjars/jquery/1.11.1/jquery-1.11.1.pom
2017-04-19 19:14:56,803 [Worker-109] INFO  o.e.m.c.i.e.AbstractTransferListenerAdapter - Downloaded http://hephaistos:8081/nexus/content/groups/public/org/webjars/jquery/1.11.1/jquery-1.11.1.pom
2017-04-19 19:14:57,151 [Worker-109] INFO  o.e.m.c.i.e.AbstractTransferListenerAdapter - Downloading http://hephaistos:8081/nexus/content/groups/public/javax/servlet/jstl/1.2/jstl-1.2.jar
2017-04-19 19:14:58,966 [Worker-109] INFO  o.e.m.c.i.e.AbstractTransferListenerAdapter - Downloaded http://hephaistos:8081/nexus/content/groups/public/javax/servlet/jstl/1.2/jstl-1.2.jar
2017-04-19 19:14:59,344 [Worker-109] INFO  o.e.m.c.i.e.AbstractTransferListenerAdapter - Downloading http://hephaistos:8081/nexus/content/groups/public/org/apache/tomcat/embed/tomcat-embed-jasper/8.5.6/tomcat-embed-jasper-8.5.6.jar
2017-04-19 19:15:01,015 [Worker-109] INFO  o.e.m.c.i.e.AbstractTransferListenerAdapter - Downloaded http://hephaistos:8081/nexus/content/groups/public/org/apache/tomcat/embed/tomcat-embed-jasper/8.5.6/tomcat-embed-jasper-8.5.6.jar
2017-04-19 19:15:01,781 [Worker-109] INFO  o.e.m.c.i.e.AbstractTransferListenerAdapter - Downloading http://hephaistos:8081/nexus/content/groups/public/org/eclipse/jdt/core/compiler/ecj/4.6.1/ecj-4.6.1.jar
2017-04-19 19:15:18,348 [Worker-109] INFO  o.e.m.c.i.e.AbstractTransferListenerAdapter - Downloaded http://hephaistos:8081/nexus/content/groups/public/org/eclipse/jdt/core/compiler/ecj/4.6.1/ecj-4.6.1.jar
2017-04-19 19:15:18,896 [Worker-109] INFO  o.e.m.c.i.e.AbstractTransferListenerAdapter - Downloading http://hephaistos:8081/nexus/content/groups/public/org/webjars/bootstrap/3.3.7/bootstrap-3.3.7.jar
2017-04-19 19:15:21,646 [Worker-109] INFO  o.e.m.c.i.e.AbstractTransferListenerAdapter - Downloaded http://hephaistos:8081/nexus/content/groups/public/org/webjars/bootstrap/3.3.7/bootstrap-3.3.7.jar
2017-04-19 19:15:22,320 [Worker-109] INFO  o.e.m.c.i.e.AbstractTransferListenerAdapter - Downloading http://hephaistos:8081/nexus/content/groups/public/org/webjars/jquery/1.11.1/jquery-1.11.1.jar
2017-04-19 19:15:23,657 [Worker-109] INFO  o.e.m.c.i.e.AbstractTransferListenerAdapter - Downloaded http://hephaistos:8081/nexus/content/groups/public/org/webjars/jquery/1.11.1/jquery-1.11.1.jar
2017-04-19 19:31:25,856 [Worker-118] INFO  o.e.m.c.i.e.AbstractTransferListenerAdapter - Downloading http://hephaistos:8081/nexus/content/groups/public/org/apache/maven/plugins/maven-war-plugin/2.6/maven-war-plugin-2.6.jar
2017-04-19 19:31:26,515 [Worker-118] INFO  o.e.m.c.i.e.AbstractTransferListenerAdapter - Downloaded http://hephaistos:8081/nexus/content/groups/public/org/apache/maven/plugins/maven-war-plugin/2.6/maven-war-plugin-2.6.jar
2017-04-19 19:31:26,975 [Worker-118] INFO  o.e.m.c.i.l.LifecycleMappingFactory - Using org.maven.ide.eclipse.wtp.WarLifecycleMapping lifecycle mapping for MavenProject: de.ityx:library-management:1.0 @ C:\Users\khopkar\LibraryManagement\library-management\pom.xml.
2017-04-19 19:31:27,497 [Worker-118] INFO  o.e.m.c.i.e.AbstractTransferListenerAdapter - Downloading http://hephaistos:8081/nexus/content/groups/public/org/apache/maven/plugins/maven-help-plugin/2.2/maven-help-plugin-2.2.pom
2017-04-19 19:31:27,821 [Worker-118] INFO  o.e.m.c.i.e.AbstractTransferListenerAdapter - Downloaded http://hephaistos:8081/nexus/content/groups/public/org/apache/maven/plugins/maven-help-plugin/2.2/maven-help-plugin-2.2.pom
2017-04-19 19:31:28,193 [Worker-118] INFO  o.e.m.c.i.e.AbstractTransferListenerAdapter - Downloading http://hephaistos:8081/nexus/content/groups/public/org/apache/maven/plugins/maven-help-plugin/2.2/maven-help-plugin-2.2.jar
2017-04-19 19:31:28,706 [Worker-118] INFO  o.e.m.c.i.e.AbstractTransferListenerAdapter - Downloaded http://hephaistos:8081/nexus/content/groups/public/org/apache/maven/plugins/maven-help-plugin/2.2/maven-help-plugin-2.2.jar
2017-04-19 19:31:29,085 [Worker-118] INFO  o.e.m.c.i.e.AbstractTransferListenerAdapter - Downloading http://hephaistos:8081/nexus/content/groups/public/org/codehaus/mojo/xml-maven-plugin/1.0/xml-maven-plugin-1.0.pom
2017-04-19 19:31:29,398 [Worker-118] INFO  o.e.m.c.i.e.AbstractTransferListenerAdapter - Downloaded http://hephaistos:8081/nexus/content/groups/public/org/codehaus/mojo/xml-maven-plugin/1.0/xml-maven-plugin-1.0.pom
2017-04-19 19:31:29,731 [Worker-118] INFO  o.e.m.c.i.e.AbstractTransferListenerAdapter - Downloading http://hephaistos:8081/nexus/content/groups/public/org/codehaus/mojo/mojo-parent/28/mojo-parent-28.pom
2017-04-19 19:31:30,065 [Worker-118] INFO  o.e.m.c.i.e.AbstractTransferListenerAdapter - Downloaded http://hephaistos:8081/nexus/content/groups/public/org/codehaus/mojo/mojo-parent/28/mojo-parent-28.pom
2017-04-19 19:31:30,385 [Worker-118] INFO  o.e.m.c.i.e.AbstractTransferListenerAdapter - Downloading http://hephaistos:8081/nexus/content/groups/public/org/codehaus/mojo/xml-maven-plugin/1.0/xml-maven-plugin-1.0.jar
2017-04-19 19:31:30,784 [Worker-118] INFO  o.e.m.c.i.e.AbstractTransferListenerAdapter - Downloaded http://hephaistos:8081/nexus/content/groups/public/org/codehaus/mojo/xml-maven-plugin/1.0/xml-maven-plugin-1.0.jar
2017-04-19 19:31:31,201 [Worker-118] INFO  o.e.m.c.i.e.AbstractTransferListenerAdapter - Downloading http://hephaistos:8081/nexus/content/groups/public/org/codehaus/mojo/build-helper-maven-plugin/1.10/build-helper-maven-plugin-1.10.pom
2017-04-19 19:31:31,529 [Worker-118] INFO  o.e.m.c.i.e.AbstractTransferListenerAdapter - Downloaded http://hephaistos:8081/nexus/content/groups/public/org/codehaus/mojo/build-helper-maven-plugin/1.10/build-helper-maven-plugin-1.10.pom
2017-04-19 19:31:31,861 [Worker-118] INFO  o.e.m.c.i.e.AbstractTransferListenerAdapter - Downloading http://hephaistos:8081/nexus/content/groups/public/org/codehaus/mojo/mojo-parent/38/mojo-parent-38.pom
2017-04-19 19:31:32,357 [Worker-118] INFO  o.e.m.c.i.e.AbstractTransferListenerAdapter - Downloaded http://hephaistos:8081/nexus/content/groups/public/org/codehaus/mojo/mojo-parent/38/mojo-parent-38.pom
2017-04-19 19:31:32,696 [Worker-118] INFO  o.e.m.c.i.e.AbstractTransferListenerAdapter - Downloading http://hephaistos:8081/nexus/content/groups/public/org/codehaus/mojo/build-helper-maven-plugin/1.10/build-helper-maven-plugin-1.10.jar
2017-04-19 19:31:33,051 [Worker-118] INFO  o.e.m.c.i.e.AbstractTransferListenerAdapter - Downloaded http://hephaistos:8081/nexus/content/groups/public/org/codehaus/mojo/build-helper-maven-plugin/1.10/build-helper-maven-plugin-1.10.jar
2017-04-19 19:31:33,437 [Worker-118] INFO  o.e.m.c.i.e.AbstractTransferListenerAdapter - Downloading http://hephaistos:8081/nexus/content/groups/public/org/apache/maven/plugins/maven-clean-plugin/2.6.1/maven-clean-plugin-2.6.1.pom
2017-04-19 19:31:33,787 [Worker-118] INFO  o.e.m.c.i.e.AbstractTransferListenerAdapter - Downloaded http://hephaistos:8081/nexus/content/groups/public/org/apache/maven/plugins/maven-clean-plugin/2.6.1/maven-clean-plugin-2.6.1.pom
2017-04-19 19:31:34,114 [Worker-118] INFO  o.e.m.c.i.e.AbstractTransferListenerAdapter - Downloading http://hephaistos:8081/nexus/content/groups/public/org/apache/maven/plugins/maven-plugins/26/maven-plugins-26.pom
2017-04-19 19:31:34,438 [Worker-118] INFO  o.e.m.c.i.e.AbstractTransferListenerAdapter - Downloaded http://hephaistos:8081/nexus/content/groups/public/org/apache/maven/plugins/maven-plugins/26/maven-plugins-26.pom
2017-04-19 19:31:34,811 [Worker-118] INFO  o.e.m.c.i.e.AbstractTransferListenerAdapter - Downloading http://hephaistos:8081/nexus/content/groups/public/org/apache/maven/plugins/maven-war-plugin/2.6/maven-war-plugin-2.6.pom
2017-04-19 19:31:35,154 [Worker-118] INFO  o.e.m.c.i.e.AbstractTransferListenerAdapter - Downloaded http://hephaistos:8081/nexus/content/groups/public/org/apache/maven/plugins/maven-war-plugin/2.6/maven-war-plugin-2.6.pom
2017-04-19 19:31:35,780 [Worker-118] INFO  o.e.m.c.i.e.AbstractTransferListenerAdapter - Downloading http://hephaistos:8081/nexus/content/groups/public/org/codehaus/plexus/plexus-io/2.4.1/plexus-io-2.4.1.pom
2017-04-19 19:31:36,098 [Worker-118] INFO  o.e.m.c.i.e.AbstractTransferListenerAdapter - Downloaded http://hephaistos:8081/nexus/content/groups/public/org/codehaus/plexus/plexus-io/2.4.1/plexus-io-2.4.1.pom
2017-04-19 19:31:36,543 [Worker-118] INFO  o.e.m.c.i.e.AbstractTransferListenerAdapter - Downloading http://hephaistos:8081/nexus/content/groups/public/org/apache/maven/shared/maven-mapping/1.0/maven-mapping-1.0.pom
2017-04-19 19:31:36,870 [Worker-118] INFO  o.e.m.c.i.e.AbstractTransferListenerAdapter - Downloaded http://hephaistos:8081/nexus/content/groups/public/org/apache/maven/shared/maven-mapping/1.0/maven-mapping-1.0.pom
2017-04-19 19:31:37,265 [Worker-118] INFO  o.e.m.c.i.e.AbstractTransferListenerAdapter - Downloading http://hephaistos:8081/nexus/content/groups/public/org/codehaus/plexus/plexus-io/2.4.1/plexus-io-2.4.1.jar
2017-04-19 19:31:37,914 [Worker-118] INFO  o.e.m.c.i.e.AbstractTransferListenerAdapter - Downloaded http://hephaistos:8081/nexus/content/groups/public/org/codehaus/plexus/plexus-io/2.4.1/plexus-io-2.4.1.jar
2017-04-19 19:31:38,245 [Worker-118] INFO  o.e.m.c.i.e.AbstractTransferListenerAdapter - Downloading http://hephaistos:8081/nexus/content/groups/public/org/codehaus/plexus/plexus-interpolation/1.21/plexus-interpolation-1.21.jar
2017-04-19 19:31:38,609 [Worker-118] INFO  o.e.m.c.i.e.AbstractTransferListenerAdapter - Downloaded http://hephaistos:8081/nexus/content/groups/public/org/codehaus/plexus/plexus-interpolation/1.21/plexus-interpolation-1.21.jar
2017-04-19 19:31:38,917 [Worker-118] INFO  o.e.m.c.i.e.AbstractTransferListenerAdapter - Downloading http://hephaistos:8081/nexus/content/groups/public/org/apache/maven/shared/maven-mapping/1.0/maven-mapping-1.0.jar
2017-04-19 19:31:39,295 [Worker-118] INFO  o.e.m.c.i.e.AbstractTransferListenerAdapter - Downloaded http://hephaistos:8081/nexus/content/groups/public/org/apache/maven/shared/maven-mapping/1.0/maven-mapping-1.0.jar
2017-04-19 19:31:40,264 [Worker-118] INFO  o.e.m.c.i.embedder.EclipseLogger - Using 'UTF-8' encoding to copy filtered resources.
2017-04-19 19:31:40,274 [Worker-118] INFO  o.e.m.c.i.embedder.EclipseLogger - Copying 1 resource
2017-04-19 19:31:40,295 [Worker-118] INFO  o.e.m.c.i.embedder.EclipseLogger - Copying 0 resource
2017-04-19 19:31:40,298 [Worker-118] INFO  o.e.m.c.i.embedder.EclipseLogger - Using 'UTF-8' encoding to copy filtered resources.
2017-04-19 19:31:40,305 [Worker-118] INFO  o.e.m.c.i.embedder.EclipseLogger - Copying 0 resource
2017-04-19 19:31:40,305 [Worker-118] INFO  o.e.m.w.i.f.ResourceFilteringBuildParticipant - Changed resources require a complete clean of filtered resources of library-management
2017-04-19 19:31:40,310 [Worker-118] INFO  o.e.m.w.i.f.ResourceFilteringBuildParticipant - Executing resource filtering for library-management
2017-04-19 19:31:40,314 [Worker-118] INFO  o.e.m.c.i.embedder.EclipseLogger - Using 'UTF-8' encoding to copy filtered resources.
2017-04-19 19:33:50,491 [Worker-122] INFO  o.e.m.c.i.embedder.EclipseLogger - Using 'UTF-8' encoding to copy filtered resources.
2017-04-19 19:33:50,493 [Worker-122] INFO  o.e.m.c.i.embedder.EclipseLogger - Copying 1 resource
2017-04-19 19:33:50,517 [Worker-122] INFO  o.e.m.c.i.embedder.EclipseLogger - Copying 0 resource
2017-04-19 19:33:50,520 [Worker-122] INFO  o.e.m.c.i.embedder.EclipseLogger - Using 'UTF-8' encoding to copy filtered resources.
2017-04-19 19:33:50,528 [Worker-122] INFO  o.e.m.c.i.embedder.EclipseLogger - Copying 0 resource
2017-04-20 14:27:54,902 [Worker-216] INFO  o.e.m.c.i.embedder.EclipseLogger - Using 'UTF-8' encoding to copy filtered resources.
2017-04-20 14:27:54,903 [Worker-216] INFO  o.e.m.c.i.embedder.EclipseLogger - Copying 0 resource
2017-04-20 14:27:54,907 [Worker-216] INFO  o.e.m.c.i.embedder.EclipseLogger - Copying 0 resource
2017-04-20 14:27:54,912 [Worker-216] INFO  o.e.m.c.i.embedder.EclipseLogger - Using 'UTF-8' encoding to copy filtered resources.
2017-04-20 14:27:54,913 [Worker-216] INFO  o.e.m.c.i.embedder.EclipseLogger - Copying 0 resource
2017-04-20 14:29:28,883 [Worker-206] INFO  o.e.m.c.i.embedder.EclipseLogger - Using 'UTF-8' encoding to copy filtered resources.
2017-04-20 14:29:28,883 [Worker-206] INFO  o.e.m.c.i.embedder.EclipseLogger - Copying 0 resource
2017-04-20 14:29:28,884 [Worker-206] INFO  o.e.m.c.i.embedder.EclipseLogger - Copying 0 resource
2017-04-20 14:29:28,884 [Worker-206] INFO  o.e.m.c.i.embedder.EclipseLogger - Using 'UTF-8' encoding to copy filtered resources.
2017-04-20 14:29:28,885 [Worker-206] INFO  o.e.m.c.i.embedder.EclipseLogger - Copying 0 resource
2017-04-20 14:31:29,210 [Worker-208] INFO  o.e.m.c.i.embedder.EclipseLogger - Using 'UTF-8' encoding to copy filtered resources.
2017-04-20 14:31:29,210 [Worker-208] INFO  o.e.m.c.i.embedder.EclipseLogger - Copying 0 resource
2017-04-20 14:31:29,210 [Worker-208] INFO  o.e.m.c.i.embedder.EclipseLogger - Copying 0 resource
2017-04-20 14:31:29,216 [Worker-208] INFO  o.e.m.c.i.embedder.EclipseLogger - Using 'UTF-8' encoding to copy filtered resources.
2017-04-20 14:31:29,216 [Worker-208] INFO  o.e.m.c.i.embedder.EclipseLogger - Copying 0 resource
2017-04-20 15:07:07,220 [Worker-225] INFO  o.e.m.c.i.embedder.EclipseLogger - Using 'UTF-8' encoding to copy filtered resources.
2017-04-20 15:07:07,221 [Worker-225] INFO  o.e.m.c.i.embedder.EclipseLogger - Copying 0 resource
2017-04-20 15:07:07,225 [Worker-225] INFO  o.e.m.c.i.embedder.EclipseLogger - Copying 0 resource
2017-04-20 15:07:07,230 [Worker-225] INFO  o.e.m.c.i.embedder.EclipseLogger - Using 'UTF-8' encoding to copy filtered resources.
2017-04-20 15:07:07,234 [Worker-225] INFO  o.e.m.c.i.embedder.EclipseLogger - Copying 0 resource
2017-04-20 15:08:06,908 [Worker-227] INFO  o.e.m.c.i.embedder.EclipseLogger - Using 'UTF-8' encoding to copy filtered resources.
2017-04-20 15:08:06,912 [Worker-227] INFO  o.e.m.c.i.embedder.EclipseLogger - Copying 0 resource
2017-04-20 15:08:06,916 [Worker-227] INFO  o.e.m.c.i.embedder.EclipseLogger - Copying 0 resource
2017-04-20 15:08:06,921 [Worker-227] INFO  o.e.m.c.i.embedder.EclipseLogger - Using 'UTF-8' encoding to copy filtered resources.
2017-04-20 15:08:06,921 [Worker-227] INFO  o.e.m.c.i.embedder.EclipseLogger - Copying 0 resource
2017-04-20 15:16:53,463 [Worker-224] INFO  o.e.m.c.i.embedder.EclipseLogger - Using 'UTF-8' encoding to copy filtered resources.
2017-04-20 15:16:53,463 [Worker-224] INFO  o.e.m.c.i.embedder.EclipseLogger - Copying 0 resource
2017-04-20 15:16:53,463 [Worker-224] INFO  o.e.m.c.i.embedder.EclipseLogger - Copying 0 resource
2017-04-20 15:16:53,466 [Worker-224] INFO  o.e.m.c.i.embedder.EclipseLogger - Using 'UTF-8' encoding to copy filtered resources.
2017-04-20 15:16:53,470 [Worker-224] INFO  o.e.m.c.i.embedder.EclipseLogger - Copying 0 resource
2017-04-20 15:30:02,410 [Worker-240] INFO  o.e.m.c.i.embedder.EclipseLogger - Using 'UTF-8' encoding to copy filtered resources.
2017-04-20 15:30:02,415 [Worker-240] INFO  o.e.m.c.i.embedder.EclipseLogger - Copying 0 resource
2017-04-20 15:30:02,419 [Worker-240] INFO  o.e.m.c.i.embedder.EclipseLogger - Copying 0 resource
2017-04-20 15:30:02,424 [Worker-240] INFO  o.e.m.c.i.embedder.EclipseLogger - Using 'UTF-8' encoding to copy filtered resources.
2017-04-20 15:30:02,425 [Worker-240] INFO  o.e.m.c.i.embedder.EclipseLogger - Copying 0 resource
2017-04-20 15:31:25,839 [Worker-238] INFO  o.e.m.c.i.embedder.EclipseLogger - Using 'UTF-8' encoding to copy filtered resources.
2017-04-20 15:31:25,839 [Worker-238] INFO  o.e.m.c.i.embedder.EclipseLogger - Copying 0 resource
2017-04-20 15:31:25,843 [Worker-238] INFO  o.e.m.c.i.embedder.EclipseLogger - Copying 0 resource
2017-04-20 15:31:25,849 [Worker-238] INFO  o.e.m.c.i.embedder.EclipseLogger - Using 'UTF-8' encoding to copy filtered resources.
2017-04-20 15:31:25,853 [Worker-238] INFO  o.e.m.c.i.embedder.EclipseLogger - Copying 0 resource
2017-04-20 15:35:08,632 [Worker-230] INFO  o.e.m.c.i.embedder.EclipseLogger - Using 'UTF-8' encoding to copy filtered resources.
2017-04-20 15:35:08,636 [Worker-230] INFO  o.e.m.c.i.embedder.EclipseLogger - Copying 0 resource
2017-04-20 15:35:08,641 [Worker-230] INFO  o.e.m.c.i.embedder.EclipseLogger - Copying 0 resource
2017-04-20 15:35:08,646 [Worker-230] INFO  o.e.m.c.i.embedder.EclipseLogger - Using 'UTF-8' encoding to copy filtered resources.
2017-04-20 15:35:08,646 [Worker-230] INFO  o.e.m.c.i.embedder.EclipseLogger - Copying 0 resource
2017-04-20 15:36:53,101 [Worker-245] INFO  o.e.m.c.i.embedder.EclipseLogger - Using 'UTF-8' encoding to copy filtered resources.
2017-04-20 15:36:53,101 [Worker-245] INFO  o.e.m.c.i.embedder.EclipseLogger - Copying 0 resource
2017-04-20 15:36:53,101 [Worker-245] INFO  o.e.m.c.i.embedder.EclipseLogger - Copying 0 resource
2017-04-20 15:36:53,102 [Worker-245] INFO  o.e.m.c.i.embedder.EclipseLogger - Using 'UTF-8' encoding to copy filtered resources.
2017-04-20 15:36:53,102 [Worker-245] INFO  o.e.m.c.i.embedder.EclipseLogger - Copying 0 resource
2017-04-20 15:38:33,496 [Worker-248] INFO  o.e.m.c.i.embedder.EclipseLogger - Using 'UTF-8' encoding to copy filtered resources.
2017-04-20 15:38:33,497 [Worker-248] INFO  o.e.m.c.i.embedder.EclipseLogger - Copying 0 resource
2017-04-20 15:38:33,497 [Worker-248] INFO  o.e.m.c.i.embedder.EclipseLogger - Copying 0 resource
2017-04-20 15:38:33,502 [Worker-248] INFO  o.e.m.c.i.embedder.EclipseLogger - Using 'UTF-8' encoding to copy filtered resources.
2017-04-20 15:38:33,502 [Worker-248] INFO  o.e.m.c.i.embedder.EclipseLogger - Copying 0 resource
2017-04-20 15:45:29,398 [Worker-248] INFO  o.e.m.c.i.embedder.EclipseLogger - Using 'UTF-8' encoding to copy filtered resources.
2017-04-20 15:45:29,398 [Worker-248] INFO  o.e.m.c.i.embedder.EclipseLogger - Copying 0 resource
2017-04-20 15:45:29,404 [Worker-248] INFO  o.e.m.c.i.embedder.EclipseLogger - Copying 0 resource
2017-04-20 15:45:29,412 [Worker-248] INFO  o.e.m.c.i.embedder.EclipseLogger - Using 'UTF-8' encoding to copy filtered resources.
2017-04-20 15:45:29,417 [Worker-248] INFO  o.e.m.c.i.embedder.EclipseLogger - Copying 0 resource
2017-04-24 07:49:38,171 [Worker-52] INFO  o.e.m.c.i.l.LifecycleMappingFactory - Using org.maven.ide.eclipse.wtp.WarLifecycleMapping lifecycle mapping for MavenProject: de.ityx:library-management:1.0 @ C:\Users\khopkar\LibraryManagement\library-management\pom.xml.
2017-04-24 07:49:41,546 [Worker-52] INFO  o.e.m.c.i.embedder.EclipseLogger - Using 'UTF-8' encoding to copy filtered resources.
2017-04-24 07:49:41,546 [Worker-52] INFO  o.e.m.c.i.embedder.EclipseLogger - Copying 1 resource
2017-04-24 07:49:41,562 [Worker-52] INFO  o.e.m.c.i.embedder.EclipseLogger - Copying 0 resource
2017-04-24 07:49:41,562 [Worker-52] INFO  o.e.m.c.i.embedder.EclipseLogger - Using 'UTF-8' encoding to copy filtered resources.
2017-04-24 07:49:41,562 [Worker-52] INFO  o.e.m.c.i.embedder.EclipseLogger - Copying 0 resource
2017-04-24 07:49:41,562 [Worker-52] INFO  o.e.m.w.i.f.ResourceFilteringBuildParticipant - Changed resources require a complete clean of filtered resources of library-management
2017-04-24 07:49:41,562 [Worker-52] INFO  o.e.m.w.i.f.ResourceFilteringBuildParticipant - Executing resource filtering for library-management
2017-04-24 07:49:41,578 [Worker-52] INFO  o.e.m.c.i.embedder.EclipseLogger - Using 'UTF-8' encoding to copy filtered resources.
2017-04-24 07:51:23,136 [Worker-58] INFO  o.e.m.c.i.embedder.EclipseLogger - Using 'UTF-8' encoding to copy filtered resources.
2017-04-24 07:51:23,152 [Worker-58] INFO  o.e.m.c.i.embedder.EclipseLogger - Copying 1 resource
2017-04-24 07:51:23,152 [Worker-58] INFO  o.e.m.c.i.embedder.EclipseLogger - Copying 0 resource
2017-04-24 07:51:23,152 [Worker-58] INFO  o.e.m.c.i.embedder.EclipseLogger - Using 'UTF-8' encoding to copy filtered resources.
2017-04-24 07:51:23,152 [Worker-58] INFO  o.e.m.c.i.embedder.EclipseLogger - Copying 0 resource
2017-04-24 07:51:33,880 [Worker-42] INFO  o.e.m.w.i.f.ResourceFilteringBuildParticipant - Cleaning filtered folder for library-management
2017-04-24 07:51:33,943 [Worker-50] INFO  o.e.m.c.i.embedder.EclipseLogger - Using 'UTF-8' encoding to copy filtered resources.
2017-04-24 07:51:33,958 [Worker-50] INFO  o.e.m.c.i.embedder.EclipseLogger - Copying 1 resource
2017-04-24 07:51:33,958 [Worker-50] INFO  o.e.m.c.i.embedder.EclipseLogger - Copying 0 resource
2017-04-24 07:51:33,958 [Worker-50] INFO  o.e.m.c.i.embedder.EclipseLogger - Using 'UTF-8' encoding to copy filtered resources.
2017-04-24 07:51:33,958 [Worker-50] INFO  o.e.m.c.i.embedder.EclipseLogger - Copying 0 resource
2017-04-24 07:51:33,974 [Worker-50] INFO  o.e.m.w.i.f.ResourceFilteringBuildParticipant - Changed resources require a complete clean of filtered resources of library-management
2017-04-24 07:51:33,974 [Worker-50] INFO  o.e.m.w.i.f.ResourceFilteringBuildParticipant - Executing resource filtering for library-management
2017-04-24 07:51:33,974 [Worker-50] INFO  o.e.m.c.i.embedder.EclipseLogger - Using 'UTF-8' encoding to copy filtered resources.
2017-04-24 07:54:19,435 [Worker-55] INFO  o.e.m.c.i.embedder.EclipseLogger - Using 'UTF-8' encoding to copy filtered resources.
2017-04-24 07:54:19,451 [Worker-55] INFO  o.e.m.c.i.embedder.EclipseLogger - Copying 0 resource
2017-04-24 07:54:19,451 [Worker-55] INFO  o.e.m.c.i.embedder.EclipseLogger - Copying 0 resource
2017-04-24 07:54:19,451 [Worker-55] INFO  o.e.m.c.i.embedder.EclipseLogger - Using 'UTF-8' encoding to copy filtered resources.
2017-04-24 07:54:19,451 [Worker-55] INFO  o.e.m.c.i.embedder.EclipseLogger - Copying 0 resource
2017-04-24 07:54:26,795 [Worker-47] INFO  o.e.m.w.i.f.ResourceFilteringBuildParticipant - Cleaning filtered folder for library-management
2017-04-24 07:54:26,858 [Worker-49] INFO  o.e.m.c.i.embedder.EclipseLogger - Using 'UTF-8' encoding to copy filtered resources.
2017-04-24 07:54:26,858 [Worker-49] INFO  o.e.m.c.i.embedder.EclipseLogger - Copying 1 resource
2017-04-24 07:54:26,858 [Worker-49] INFO  o.e.m.c.i.embedder.EclipseLogger - Copying 0 resource
2017-04-24 07:54:26,858 [Worker-49] INFO  o.e.m.c.i.embedder.EclipseLogger - Using 'UTF-8' encoding to copy filtered resources.
2017-04-24 07:54:26,858 [Worker-49] INFO  o.e.m.c.i.embedder.EclipseLogger - Copying 0 resource
2017-04-24 07:54:26,873 [Worker-49] INFO  o.e.m.w.i.f.ResourceFilteringBuildParticipant - Changed resources require a complete clean of filtered resources of library-management
2017-04-24 07:54:26,873 [Worker-49] INFO  o.e.m.w.i.f.ResourceFilteringBuildParticipant - Executing resource filtering for library-management
2017-04-24 07:54:26,873 [Worker-49] INFO  o.e.m.c.i.embedder.EclipseLogger - Using 'UTF-8' encoding to copy filtered resources.
2017-04-24 08:03:15,924 [Worker-51] INFO  o.e.m.w.i.f.ResourceFilteringBuildParticipant - Cleaning filtered folder for library-management
2017-04-24 08:03:15,996 [Worker-60] INFO  o.e.m.c.i.embedder.EclipseLogger - Using 'UTF-8' encoding to copy filtered resources.
2017-04-24 08:03:15,997 [Worker-60] INFO  o.e.m.c.i.embedder.EclipseLogger - Copying 1 resource
2017-04-24 08:03:16,005 [Worker-60] INFO  o.e.m.c.i.embedder.EclipseLogger - Copying 0 resource
2017-04-24 08:03:16,006 [Worker-60] INFO  o.e.m.c.i.embedder.EclipseLogger - Using 'UTF-8' encoding to copy filtered resources.
2017-04-24 08:03:16,010 [Worker-60] INFO  o.e.m.c.i.embedder.EclipseLogger - Copying 0 resource
2017-04-24 08:03:16,011 [Worker-60] INFO  o.e.m.w.i.f.ResourceFilteringBuildParticipant - Changed resources require a complete clean of filtered resources of library-management
2017-04-24 08:03:16,014 [Worker-60] INFO  o.e.m.w.i.f.ResourceFilteringBuildParticipant - Executing resource filtering for library-management
2017-04-24 08:03:16,018 [Worker-60] INFO  o.e.m.c.i.embedder.EclipseLogger - Using 'UTF-8' encoding to copy filtered resources.
2017-04-24 08:05:58,207 [Worker-62] INFO  o.e.m.c.i.embedder.EclipseLogger - Using 'UTF-8' encoding to copy filtered resources.
2017-04-24 08:05:58,207 [Worker-62] INFO  o.e.m.c.i.embedder.EclipseLogger - Copying 0 resource
2017-04-24 08:05:58,212 [Worker-62] INFO  o.e.m.c.i.embedder.EclipseLogger - Copying 0 resource
2017-04-24 08:05:58,213 [Worker-62] INFO  o.e.m.c.i.embedder.EclipseLogger - Using 'UTF-8' encoding to copy filtered resources.
2017-04-24 08:05:58,219 [Worker-62] INFO  o.e.m.c.i.embedder.EclipseLogger - Copying 0 resource
2017-04-24 19:22:58,208 [Worker-10] INFO  o.e.m.c.i.p.ProjectConfigurationManager - Update started
2017-04-24 19:23:01,216 [Worker-10] INFO  o.e.m.c.i.l.LifecycleMappingFactory - Using org.maven.ide.eclipse.wtp.WarLifecycleMapping lifecycle mapping for MavenProject: de.ityx:library-management:1.0 @ C:\Users\khopkar\LibraryManagement\library-management\pom.xml.
2017-04-24 19:23:02,044 [Worker-10] INFO  o.e.m.c.i.e.AbstractTransferListenerAdapter - Downloading http://hephaistos:8081/nexus/content/groups/public/mysql/mysql-connector-java/5.1.15/mysql-connector-java-5.1.15.pom
2017-04-24 19:23:02,381 [Worker-10] INFO  o.e.m.c.i.e.AbstractTransferListenerAdapter - Downloaded http://hephaistos:8081/nexus/content/groups/public/mysql/mysql-connector-java/5.1.15/mysql-connector-java-5.1.15.pom
2017-04-24 19:23:02,714 [Worker-10] INFO  o.e.m.c.i.e.AbstractTransferListenerAdapter - Downloading http://hephaistos:8081/nexus/content/groups/public/org/hibernate/hibernate-core/3.6.3.Final/hibernate-core-3.6.3.Final.pom
2017-04-24 19:23:03,035 [Worker-10] INFO  o.e.m.c.i.e.AbstractTransferListenerAdapter - Downloaded http://hephaistos:8081/nexus/content/groups/public/org/hibernate/hibernate-core/3.6.3.Final/hibernate-core-3.6.3.Final.pom
2017-04-24 19:23:03,338 [Worker-10] INFO  o.e.m.c.i.e.AbstractTransferListenerAdapter - Downloading http://hephaistos:8081/nexus/content/groups/public/org/hibernate/hibernate-parent/3.6.3.Final/hibernate-parent-3.6.3.Final.pom
2017-04-24 19:23:03,801 [Worker-10] INFO  o.e.m.c.i.e.AbstractTransferListenerAdapter - Downloaded http://hephaistos:8081/nexus/content/groups/public/org/hibernate/hibernate-parent/3.6.3.Final/hibernate-parent-3.6.3.Final.pom
2017-04-24 19:23:04,217 [Worker-10] INFO  o.e.m.c.i.e.AbstractTransferListenerAdapter - Downloading http://hephaistos:8081/nexus/content/groups/public/org/hibernate/hibernate-commons-annotations/3.2.0.Final/hibernate-commons-annotations-3.2.0.Final.pom
2017-04-24 19:23:04,550 [Worker-10] INFO  o.e.m.c.i.e.AbstractTransferListenerAdapter - Downloaded http://hephaistos:8081/nexus/content/groups/public/org/hibernate/hibernate-commons-annotations/3.2.0.Final/hibernate-commons-annotations-3.2.0.Final.pom
2017-04-24 19:23:04,871 [Worker-10] INFO  o.e.m.c.i.e.AbstractTransferListenerAdapter - Downloading http://hephaistos:8081/nexus/content/groups/public/org/hibernate/javax/persistence/hibernate-jpa-2.0-api/1.0.0.Final/hibernate-jpa-2.0-api-1.0.0.Final.pom
2017-04-24 19:23:05,179 [Worker-10] INFO  o.e.m.c.i.e.AbstractTransferListenerAdapter - Downloaded http://hephaistos:8081/nexus/content/groups/public/org/hibernate/javax/persistence/hibernate-jpa-2.0-api/1.0.0.Final/hibernate-jpa-2.0-api-1.0.0.Final.pom
2017-04-24 19:23:05,482 [Worker-10] INFO  o.e.m.c.i.e.AbstractTransferListenerAdapter - Downloading http://hephaistos:8081/nexus/content/groups/public/javax/transaction/jta/1.1/jta-1.1.pom
2017-04-24 19:23:05,794 [Worker-10] INFO  o.e.m.c.i.e.AbstractTransferListenerAdapter - Downloaded http://hephaistos:8081/nexus/content/groups/public/javax/transaction/jta/1.1/jta-1.1.pom
2017-04-24 19:23:06,142 [Worker-10] INFO  o.e.m.c.i.e.AbstractTransferListenerAdapter - Downloading http://hephaistos:8081/nexus/content/groups/public/mysql/mysql-connector-java/5.1.15/mysql-connector-java-5.1.15.jar
2017-04-24 19:23:07,268 [Worker-10] INFO  o.e.m.c.i.e.AbstractTransferListenerAdapter - Downloaded http://hephaistos:8081/nexus/content/groups/public/mysql/mysql-connector-java/5.1.15/mysql-connector-java-5.1.15.jar
2017-04-24 19:23:07,580 [Worker-10] INFO  o.e.m.c.i.e.AbstractTransferListenerAdapter - Downloading http://hephaistos:8081/nexus/content/groups/public/org/hibernate/hibernate-core/3.6.3.Final/hibernate-core-3.6.3.Final.jar
2017-04-24 19:23:09,749 [Worker-10] INFO  o.e.m.c.i.e.AbstractTransferListenerAdapter - Downloaded http://hephaistos:8081/nexus/content/groups/public/org/hibernate/hibernate-core/3.6.3.Final/hibernate-core-3.6.3.Final.jar
2017-04-24 19:23:10,054 [Worker-10] INFO  o.e.m.c.i.e.AbstractTransferListenerAdapter - Downloading http://hephaistos:8081/nexus/content/groups/public/org/hibernate/hibernate-commons-annotations/3.2.0.Final/hibernate-commons-annotations-3.2.0.Final.jar
2017-04-24 19:23:10,407 [Worker-10] INFO  o.e.m.c.i.e.AbstractTransferListenerAdapter - Downloaded http://hephaistos:8081/nexus/content/groups/public/org/hibernate/hibernate-commons-annotations/3.2.0.Final/hibernate-commons-annotations-3.2.0.Final.jar
2017-04-24 19:23:10,707 [Worker-10] INFO  o.e.m.c.i.e.AbstractTransferListenerAdapter - Downloading http://hephaistos:8081/nexus/content/groups/public/org/hibernate/javax/persistence/hibernate-jpa-2.0-api/1.0.0.Final/hibernate-jpa-2.0-api-1.0.0.Final.jar
2017-04-24 19:23:11,067 [Worker-10] INFO  o.e.m.c.i.e.AbstractTransferListenerAdapter - Downloaded http://hephaistos:8081/nexus/content/groups/public/org/hibernate/javax/persistence/hibernate-jpa-2.0-api/1.0.0.Final/hibernate-jpa-2.0-api-1.0.0.Final.jar
2017-04-24 19:23:11,371 [Worker-10] INFO  o.e.m.c.i.e.AbstractTransferListenerAdapter - Downloading http://hephaistos:8081/nexus/content/groups/public/javax/transaction/jta/1.1/jta-1.1.jar
2017-04-24 19:23:11,755 [Worker-10] INFO  o.e.m.c.i.e.AbstractTransferListenerAdapter - Downloaded http://hephaistos:8081/nexus/content/groups/public/javax/transaction/jta/1.1/jta-1.1.jar
2017-04-24 19:23:14,955 [Worker-10] INFO  o.e.m.j.i.AbstractJavaProjectConfigurator - Adding source folder /library-management/src/main/java
2017-04-24 19:23:14,960 [Worker-10] INFO  o.e.m.j.i.AbstractJavaProjectConfigurator - Adding resource folder /library-management/src/main/resources
2017-04-24 19:23:14,969 [Worker-10] INFO  o.e.m.j.i.AbstractJavaProjectConfigurator - Adding resource folder /library-management/src/main/resources
2017-04-24 19:23:14,975 [Worker-10] INFO  o.e.m.j.i.AbstractJavaProjectConfigurator - Adding source folder /library-management/src/test/java
2017-04-24 19:23:14,980 [Worker-10] INFO  o.e.m.j.i.AbstractJavaProjectConfigurator - Adding resource folder /library-management/src/test/resources
2017-04-24 19:23:16,449 [Worker-10] INFO  o.e.m.w.i.f.ResourceFilteringBuildParticipant - Cleaning filtered folder for library-management
2017-04-24 19:23:16,456 [Worker-10] INFO  o.e.m.c.i.p.ProjectConfigurationManager - Update completed: 18 sec
2017-04-24 19:23:17,236 [Worker-19] INFO  o.e.m.c.i.embedder.EclipseLogger - Using 'UTF-8' encoding to copy filtered resources.
2017-04-24 19:23:17,250 [Worker-19] INFO  o.e.m.c.i.embedder.EclipseLogger - Copying 1 resource
2017-04-24 19:23:17,272 [Worker-19] INFO  o.e.m.c.i.embedder.EclipseLogger - Copying 0 resource
2017-04-24 19:23:17,282 [Worker-19] INFO  o.e.m.c.i.embedder.EclipseLogger - Using 'UTF-8' encoding to copy filtered resources.
2017-04-24 19:23:17,282 [Worker-19] INFO  o.e.m.c.i.embedder.EclipseLogger - Copying 0 resource
2017-04-24 19:23:17,289 [Worker-19] INFO  o.e.m.w.i.f.ResourceFilteringBuildParticipant - Changed resources require a complete clean of filtered resources of library-management
2017-04-24 19:23:17,291 [Worker-19] INFO  o.e.m.w.i.f.ResourceFilteringBuildParticipant - Executing resource filtering for library-management
2017-04-24 19:23:17,298 [Worker-19] INFO  o.e.m.c.i.embedder.EclipseLogger - Using 'UTF-8' encoding to copy filtered resources.
2017-04-24 19:26:52,555 [Worker-17] INFO  o.e.m.c.i.p.ProjectConfigurationManager - Update started
2017-04-24 19:26:53,200 [Worker-17] INFO  o.e.m.c.i.l.LifecycleMappingFactory - Using org.maven.ide.eclipse.wtp.WarLifecycleMapping lifecycle mapping for MavenProject: de.ityx:library-management:1.0 @ C:\Users\khopkar\LibraryManagement\library-management\pom.xml.
2017-04-24 19:26:53,984 [Worker-17] INFO  o.e.m.c.i.e.AbstractTransferListenerAdapter - Downloading http://hephaistos:8081/nexus/content/groups/public/javassist/javassist/3.12.1.GA/javassist-3.12.1.GA.pom
2017-04-24 19:26:54,309 [Worker-17] INFO  o.e.m.c.i.e.AbstractTransferListenerAdapter - Downloaded http://hephaistos:8081/nexus/content/groups/public/javassist/javassist/3.12.1.GA/javassist-3.12.1.GA.pom
2017-04-24 19:26:54,730 [Worker-17] INFO  o.e.m.c.i.e.AbstractTransferListenerAdapter - Downloading http://hephaistos:8081/nexus/content/groups/public/javassist/javassist/3.12.1.GA/javassist-3.12.1.GA.jar
2017-04-24 19:26:55,941 [Worker-17] INFO  o.e.m.c.i.e.AbstractTransferListenerAdapter - Downloaded http://hephaistos:8081/nexus/content/groups/public/javassist/javassist/3.12.1.GA/javassist-3.12.1.GA.jar
2017-04-24 19:26:57,156 [Worker-17] INFO  o.e.m.j.i.AbstractJavaProjectConfigurator - Adding source folder /library-management/src/main/java
2017-04-24 19:26:57,160 [Worker-17] INFO  o.e.m.j.i.AbstractJavaProjectConfigurator - Adding resource folder /library-management/src/main/resources
2017-04-24 19:26:57,165 [Worker-17] INFO  o.e.m.j.i.AbstractJavaProjectConfigurator - Adding resource folder /library-management/src/main/resources
2017-04-24 19:26:57,169 [Worker-17] INFO  o.e.m.j.i.AbstractJavaProjectConfigurator - Adding source folder /library-management/src/test/java
2017-04-24 19:26:57,169 [Worker-17] INFO  o.e.m.j.i.AbstractJavaProjectConfigurator - Adding resource folder /library-management/src/test/resources
2017-04-24 19:26:57,668 [Worker-17] INFO  o.e.m.w.i.f.ResourceFilteringBuildParticipant - Cleaning filtered folder for library-management
2017-04-24 19:26:57,673 [Worker-17] INFO  o.e.m.c.i.p.ProjectConfigurationManager - Update completed: 5 sec
2017-04-24 19:27:52,794 [Worker-17] INFO  o.e.m.c.i.e.AbstractTransferListenerAdapter - Downloading http://hephaistos:8081/nexus/content/groups/public/javax/persistence/persistence-api/1.0.2/persistence-api-1.0.2.pom
2017-04-24 19:27:53,102 [Worker-17] INFO  o.e.m.c.i.e.AbstractTransferListenerAdapter - Downloaded http://hephaistos:8081/nexus/content/groups/public/javax/persistence/persistence-api/1.0.2/persistence-api-1.0.2.pom
2017-04-24 19:27:53,475 [Worker-17] INFO  o.e.m.c.i.e.AbstractTransferListenerAdapter - Downloading http://hephaistos:8081/nexus/content/groups/public/javax/persistence/persistence-api/1.0.2/persistence-api-1.0.2.jar
2017-04-24 19:27:54,087 [Worker-17] INFO  o.e.m.c.i.e.AbstractTransferListenerAdapter - Downloaded http://hephaistos:8081/nexus/content/groups/public/javax/persistence/persistence-api/1.0.2/persistence-api-1.0.2.jar
2017-04-24 19:28:17,234 [Worker-24] INFO  o.e.m.c.i.l.LifecycleMappingFactory - Using org.maven.ide.eclipse.wtp.WarLifecycleMapping lifecycle mapping for MavenProject: de.ityx:library-management:1.0 @ C:\Users\khopkar\LibraryManagement\library-management\pom.xml.
2017-04-24 19:28:18,390 [Worker-24] INFO  o.e.m.w.i.f.ResourceFilteringBuildParticipant - Cleaning filtered folder for library-management
2017-04-24 19:28:19,126 [Worker-27] INFO  o.e.m.c.i.embedder.EclipseLogger - Using 'UTF-8' encoding to copy filtered resources.
2017-04-24 19:28:19,131 [Worker-27] INFO  o.e.m.c.i.embedder.EclipseLogger - Copying 1 resource
2017-04-24 19:28:19,147 [Worker-27] INFO  o.e.m.c.i.embedder.EclipseLogger - Copying 0 resource
2017-04-24 19:28:19,149 [Worker-27] INFO  o.e.m.c.i.embedder.EclipseLogger - Using 'UTF-8' encoding to copy filtered resources.
2017-04-24 19:28:19,153 [Worker-27] INFO  o.e.m.c.i.embedder.EclipseLogger - Copying 0 resource
2017-04-24 19:28:19,153 [Worker-27] INFO  o.e.m.w.i.f.ResourceFilteringBuildParticipant - Changed resources require a complete clean of filtered resources of library-management
2017-04-24 19:28:19,156 [Worker-27] INFO  o.e.m.w.i.f.ResourceFilteringBuildParticipant - Executing resource filtering for library-management
2017-04-24 19:28:19,160 [Worker-27] INFO  o.e.m.c.i.embedder.EclipseLogger - Using 'UTF-8' encoding to copy filtered resources.
2017-04-24 19:32:04,091 [Worker-29] INFO  o.e.m.w.i.f.ResourceFilteringBuildParticipant - Cleaning filtered folder for library-management
2017-04-24 19:32:04,181 [Worker-28] INFO  o.e.m.c.i.embedder.EclipseLogger - Using 'UTF-8' encoding to copy filtered resources.
2017-04-24 19:32:04,182 [Worker-28] INFO  o.e.m.c.i.embedder.EclipseLogger - Copying 1 resource
2017-04-24 19:32:04,184 [Worker-28] INFO  o.e.m.c.i.embedder.EclipseLogger - Copying 0 resource
2017-04-24 19:32:04,186 [Worker-28] INFO  o.e.m.c.i.embedder.EclipseLogger - Using 'UTF-8' encoding to copy filtered resources.
2017-04-24 19:32:04,186 [Worker-28] INFO  o.e.m.c.i.embedder.EclipseLogger - Copying 0 resource
2017-04-24 19:32:04,192 [Worker-28] INFO  o.e.m.w.i.f.ResourceFilteringBuildParticipant - Changed resources require a complete clean of filtered resources of library-management
2017-04-24 19:32:04,193 [Worker-28] INFO  o.e.m.w.i.f.ResourceFilteringBuildParticipant - Executing resource filtering for library-management
2017-04-24 19:32:04,202 [Worker-28] INFO  o.e.m.c.i.embedder.EclipseLogger - Using 'UTF-8' encoding to copy filtered resources.
2017-04-24 19:35:21,000 [Worker-32] INFO  o.e.m.c.i.embedder.EclipseLogger - Using 'UTF-8' encoding to copy filtered resources.
2017-04-24 19:35:21,010 [Worker-32] INFO  o.e.m.c.i.embedder.EclipseLogger - Copying 1 resource
2017-04-24 19:35:21,017 [Worker-32] INFO  o.e.m.c.i.embedder.EclipseLogger - Copying 0 resource
2017-04-24 19:35:21,022 [Worker-32] INFO  o.e.m.c.i.embedder.EclipseLogger - Using 'UTF-8' encoding to copy filtered resources.
2017-04-24 19:35:21,022 [Worker-32] INFO  o.e.m.c.i.embedder.EclipseLogger - Copying 0 resource
2017-05-03 14:02:30,389 [Worker-7] INFO  o.e.m.c.i.embedder.EclipseLogger - Using 'UTF-8' encoding to copy filtered resources.
2017-05-03 14:02:30,398 [Worker-7] INFO  o.e.m.c.i.embedder.EclipseLogger - Copying 1 resource
2017-05-03 14:02:30,426 [Worker-7] INFO  o.e.m.c.i.embedder.EclipseLogger - Copying 0 resource
2017-05-03 14:02:30,430 [Worker-7] INFO  o.e.m.c.i.embedder.EclipseLogger - Using 'UTF-8' encoding to copy filtered resources.
2017-05-03 14:02:30,430 [Worker-7] INFO  o.e.m.c.i.embedder.EclipseLogger - Copying 0 resource
2017-05-03 14:05:34,757 [Worker-13] INFO  o.e.m.c.i.embedder.EclipseLogger - Using 'UTF-8' encoding to copy filtered resources.
2017-05-03 14:05:34,759 [Worker-13] INFO  o.e.m.c.i.embedder.EclipseLogger - Copying 0 resource
2017-05-03 14:05:34,759 [Worker-13] INFO  o.e.m.c.i.embedder.EclipseLogger - Copying 0 resource
2017-05-03 14:05:34,761 [Worker-13] INFO  o.e.m.c.i.embedder.EclipseLogger - Using 'UTF-8' encoding to copy filtered resources.
2017-05-03 14:05:34,761 [Worker-13] INFO  o.e.m.c.i.embedder.EclipseLogger - Copying 0 resource
2017-05-03 17:04:08,061 [Worker-77] INFO  o.e.m.c.i.embedder.EclipseLogger - Using 'UTF-8' encoding to copy filtered resources.
2017-05-03 17:04:08,063 [Worker-77] INFO  o.e.m.c.i.embedder.EclipseLogger - Copying 0 resource
2017-05-03 17:04:08,063 [Worker-77] INFO  o.e.m.c.i.embedder.EclipseLogger - Copying 0 resource
2017-05-03 17:04:08,065 [Worker-77] INFO  o.e.m.c.i.embedder.EclipseLogger - Using 'UTF-8' encoding to copy filtered resources.
2017-05-03 17:04:08,065 [Worker-77] INFO  o.e.m.c.i.embedder.EclipseLogger - Copying 0 resource
2017-05-03 17:22:22,966 [Worker-85] INFO  o.e.m.c.i.embedder.EclipseLogger - Using 'UTF-8' encoding to copy filtered resources.
2017-05-03 17:22:22,973 [Worker-85] INFO  o.e.m.c.i.embedder.EclipseLogger - Copying 0 resource
2017-05-03 17:22:22,973 [Worker-85] INFO  o.e.m.c.i.embedder.EclipseLogger - Copying 0 resource
2017-05-03 17:22:22,975 [Worker-85] INFO  o.e.m.c.i.embedder.EclipseLogger - Using 'UTF-8' encoding to copy filtered resources.
2017-05-03 17:22:22,975 [Worker-85] INFO  o.e.m.c.i.embedder.EclipseLogger - Copying 0 resource
